0001_0010_0010_0060_0060.jpg 1 10 10 60 60
0002_0011_0031_0042_0042.jpg 1 11 31 42 42
0003_0019_0011_0051_0051.jpg 1 19 11 51 51
0004_0013_0006_0058_0058.jpg 1 13 6 58 58
0005_0013_0027_0050_0050.jpg 1 13 27 50 50
0006_0032_0006_0047_0047.jpg 1 32 6 47 47
0007_0012_0024_0065_0065.jpg 1 12 24 65 65
0008_0046_0042_0032_0032.jpg 1 46 42 32 32
0009_0022_0016_0064_0064.jpg 1 22 16 64 64
0010_0028_0021_0061_0061.jpg 1 28 21 61 61
0011_0015_0027_0054_0054.jpg 1 15 27 54 54
0012_0012_0025_0055_0055.jpg 1 12 25 55 55
0013_0041_0036_0024_0024.jpg 1 41 36 24 24
0014_0029_0011_0031_0031.jpg 1 29 11 31 31
0015_0040_0012_0042_0042.jpg 1 40 12 42 42
0016_0033_0040_0031_0031.jpg 1 33 40 31 31
0017_0017_0005_0069_0069.jpg 1 17 5 69 69
0018_0011_0019_0059_0059.jpg 1 11 19 59 59
0019_0031_0044_0030_0030.jpg 1 31 44 30 30
0020_0025_0012_0068_0068.jpg 1 25 12 68 68
0021_0007_0029_0063_0063.jpg 1 7 29 63 63
0022_0037_0010_0033_0033.jpg 1 37 10 33 33
0023_0014_0017_0045_0045.jpg 1 14 17 45 45
0024_0013_0025_0067_0067.jpg 1 13 25 67 67
0025_0010_0027_0063_0063.jpg 1 10 27 63 63
0026_0010_0015_0064_0064.jpg 1 10 15 64 64
0027_0010_0010_0027_0027.jpg 1 10 10 27 27
0028_0013_0010_0065_0065.jpg 1 13 10 65 65
0029_0018_0030_0061_0061.jpg 1 18 30 61 61
0030_0018_0009_0050_0050.jpg 1 18 9 50 50
0031_0026_0013_0066_0066.jpg 1 26 13 66 66
0032_0017_0025_0057_0057.jpg 1 17 25 57 57
0033_0019_0004_0064_0064.jpg 1 19 4 64 64
0034_0036_0040_0049_0049.jpg 1 36 40 49 49
0035_0043_0041_0040_0040.jpg 1 43 41 40 40
0036_0016_0014_0064_0064.jpg 1 16 14 64 64
0037_0012_0014_0059_0059.jpg 1 12 14 59 59
0038_0021_0019_0063_0063.jpg 1 21 19 63 63
0039_0023_0022_0052_0052.jpg 1 23 22 52 52
0040_0009_0015_0029_0029.jpg 1 9 15 29 29
0041_0037_0015_0049_0049.jpg 1 37 15 49 49
0042_0008_0008_0055_0055.jpg 1 8 8 55 55
0043_0014_0009_0033_0033.jpg 1 14 9 33 33
0044_0021_0005_0057_0057.jpg 1 21 5 57 57
0045_0009_0029_0049_0049.jpg 1 9 29 49 49
0046_0009_0040_0044_0044.jpg 1 9 40 44 44
0047_0013_0019_0068_0068.jpg 1 13 19 68 68
0048_0047_0026_0030_0030.jpg 1 47 26 30 30
0049_0051_0058_0024_0024.jpg 1 51 58 24 24
0050_0031_0033_0053_0053.jpg 1 31 33 53 53
0051_0010_0039_0025_0025.jpg 1 10 39 25 25
0052_0042_0009_0038_0038.jpg 1 42 9 38 38
0053_0008_0018_0037_0037.jpg 1 8 18 37 37
0054_0016_0024_0048_0048.jpg 1 16 24 48 48
0055_0032_0013_0057_0057.jpg 1 32 13 57 57
0056_0024_0015_0039_0039.jpg 1 24 15 39 39
0057_0025_0017_0055_0055.jpg 1 25 17 55 55
0058_0023_0042_0029_0029.jpg 1 23 42 29 29
0059_0025_0049_0031_0031.jpg 1 25 49 31 31
0060_0037_0014_0045_0045.jpg 1 37 14 45 45
0061_0025_0014_0066_0066.jpg 1 25 14 66 66
0062_0007_0047_0026_0026.jpg 1 7 47 26 26
0063_0039_0018_0032_0032.jpg 1 39 18 32 32
0064_0020_0026_0046_0046.jpg 1 20 26 46 46
0065_0019_0038_0049_0049.jpg 1 19 38 49 49
0066_0031_0009_0060_0060.jpg 1 31 9 60 60
0067_0020_0009_0052_0052.jpg 1 20 9 52 52
0068_0014_0029_0027_0027.jpg 1 14 29 27 27
0069_0022_0049_0024_0024.jpg 1 22 49 24 24
0070_0049_0029_0030_0030.jpg 1 49 29 30 30
0071_0023_0036_0049_0049.jpg 1 23 36 49 49
0072_0024_0023_0067_0067.jpg 1 24 23 67 67
0073_0014_0028_0047_0047.jpg 1 14 28 47 47
0074_0016_0007_0061_0061.jpg 1 16 7 61 61
0075_0022_0012_0062_0062.jpg 1 22 12 62 62
0076_0009_0016_0068_0068.jpg 1 9 16 68 68
0077_0006_0022_0062_0062.jpg 1 6 22 62 62
0078_0043_0010_0042_0042.jpg 1 43 10 42 42
0079_0004_0024_0066_0066.jpg 1 4 24 66 66
0080_0050_0013_0035_0035.jpg 1 50 13 35 35
0081_0013_0050_0036_0036.jpg 1 13 50 36 36
0082_0010_0023_0065_0065.jpg 1 10 23 65 65
0083_0013_0020_0035_0035.jpg 1 13 20 35 35
0084_0026_0027_0065_0065.jpg 1 26 27 65 65
0085_0040_0008_0046_0046.jpg 1 40 8 46 46
0086_0006_0023_0053_0053.jpg 1 6 23 53 53
0087_0047_0039_0035_0035.jpg 1 47 39 35 35
0088_0017_0034_0029_0029.jpg 1 17 34 29 29
0089_0035_0027_0048_0048.jpg 1 35 27 48 48
0090_0015_0021_0061_0061.jpg 1 15 21 61 61
0091_0024_0028_0046_0046.jpg 1 24 28 46 46
0092_0022_0010_0045_0045.jpg 1 22 10 45 45
0093_0024_0020_0060_0060.jpg 1 24 20 60 60
0094_0028_0018_0053_0053.jpg 1 28 18 53 53
0095_0034_0014_0056_0056.jpg 1 34 14 56 56
0096_0011_0012_0055_0055.jpg 1 11 12 55 55
0097_0023_0020_0063_0063.jpg 1 23 20 63 63
0098_0010_0015_0068_0068.jpg 1 10 15 68 68
0099_0019_0041_0039_0039.jpg 1 19 41 39 39
0100_0018_0027_0044_0044.jpg 1 18 27 44 44
0101_0017_0033_0052_0052.jpg 1 17 33 52 52
0102_0029_0049_0029_0029.jpg 1 29 49 29 29
0103_0021_0009_0032_0032.jpg 1 21 9 32 32
0104_0012_0016_0051_0051.jpg 1 12 16 51 51
0105_0013_0016_0069_0069.jpg 1 13 16 69 69
0106_0022_0033_0054_0054.jpg 1 22 33 54 54
0107_0012_0026_0059_0059.jpg 1 12 26 59 59
0108_0013_0050_0028_0028.jpg 1 13 50 28 28
0109_0025_0011_0060_0060.jpg 1 25 11 60 60
0110_0031_0046_0036_0036.jpg 1 31 46 36 36
0111_0058_0035_0025_0025.jpg 1 58 35 25 25
0112_0017_0037_0050_0050.jpg 1 17 37 50 50
0113_0046_0014_0041_0041.jpg 1 46 14 41 41
0114_0008_0012_0061_0061.jpg 1 8 12 61 61
0115_0035_0044_0040_0040.jpg 1 35 44 40 40
0116_0022_0013_0059_0059.jpg 1 22 13 59 59
0117_0014_0032_0027_0027.jpg 1 14 32 27 27
0118_0030_0031_0040_0040.jpg 1 30 31 40 40
0119_0010_0023_0057_0057.jpg 1 10 23 57 57
0120_0008_0019_0058_0058.jpg 1 8 19 58 58
0121_0015_0019_0051_0051.jpg 1 15 19 51 51
0122_0006_0025_0061_0061.jpg 1 6 25 61 61
0123_0028_0020_0058_0058.jpg 1 28 20 58 58
0124_0025_0010_0035_0035.jpg 1 25 10 35 35
0125_0023_0005_0048_0048.jpg 1 23 5 48 48
0126_0034_0054_0028_0028.jpg 1 34 54 28 28
0127_0027_0038_0039_0039.jpg 1 27 38 39 39
0128_0014_0033_0046_0046.jpg 1 14 33 46 46
0129_0046_0048_0038_0038.jpg 1 46 48 38 38
0130_0039_0008_0040_0040.jpg 1 39 8 40 40
0131_0013_0012_0065_0065.jpg 1 13 12 65 65
0132_0030_0023_0043_0043.jpg 1 30 23 43 43
0133_0045_0048_0038_0038.jpg 1 45 48 38 38
0134_0036_0020_0046_0046.jpg 1 36 20 46 46
0135_0057_0047_0027_0027.jpg 1 57 47 27 27
0136_0050_0042_0032_0032.jpg 1 50 42 32 32
0137_0050_0019_0032_0032.jpg 1 50 19 32 32
0138_0032_0023_0034_0034.jpg 1 32 23 34 34
0139_0041_0030_0045_0045.jpg 1 41 30 45 45
0140_0008_0050_0028_0028.jpg 1 8 50 28 28
0141_0024_0016_0045_0045.jpg 1 24 16 45 45
0142_0034_0005_0056_0056.jpg 1 34 5 56 56
0143_0048_0026_0032_0032.jpg 1 48 26 32 32
0144_0032_0014_0038_0038.jpg 1 32 14 38 38
0145_0022_0031_0046_0046.jpg 1 22 31 46 46
0146_0015_0006_0068_0068.jpg 1 15 6 68 68
0147_0020_0022_0066_0066.jpg 1 20 22 66 66
0148_0023_0010_0049_0049.jpg 1 23 10 49 49
0149_0036_0041_0040_0040.jpg 1 36 41 40 40
0150_0017_0022_0035_0035.jpg 1 17 22 35 35
0151_0052_0046_0034_0034.jpg 1 52 46 34 34
0152_0006_0007_0054_0054.jpg 1 6 7 54 54
0153_0036_0014_0043_0043.jpg 1 36 14 43 43
0154_0022_0009_0064_0064.jpg 1 22 9 64 64
0155_0034_0026_0055_0055.jpg 1 34 26 55 55
0156_0014_0019_0059_0059.jpg 1 14 19 59 59
0157_0010_0011_0057_0057.jpg 1 10 11 57 57
0158_0014_0004_0065_0065.jpg 1 14 4 65 65
0159_0042_0045_0042_0042.jpg 1 42 45 42 42
0160_0023_0023_0040_0040.jpg 1 23 23 40 40
0161_0015_0024_0027_0027.jpg 1 15 24 27 27
0162_0014_0035_0027_0027.jpg 1 14 35 27 27
0163_0029_0017_0058_0058.jpg 1 29 17 58 58
0164_0008_0007_0054_0054.jpg 1 8 7 54 54
0165_0008_0037_0049_0049.jpg 1 8 37 49 49
0166_0044_0015_0034_0034.jpg 1 44 15 34 34
0167_0029_0053_0027_0027.jpg 1 29 53 27 27
0168_0017_0028_0028_0028.jpg 1 17 28 28 28
0169_0041_0036_0025_0025.jpg 1 41 36 25 25
0170_0010_0004_0056_0056.jpg 1 10 4 56 56
0171_0020_0009_0053_0053.jpg 1 20 9 53 53
0172_0038_0031_0034_0034.jpg 1 38 31 34 34
0173_0004_0007_0059_0059.jpg 1 4 7 59 59
0174_0036_0042_0031_0031.jpg 1 36 42 31 31
0175_0009_0018_0068_0068.jpg 1 9 18 68 68
0176_0015_0014_0033_0033.jpg 1 15 14 33 33
0177_0049_0023_0033_0033.jpg 1 49 23 33 33
0178_0046_0040_0038_0038.jpg 1 46 40 38 38
0179_0012_0027_0050_0050.jpg 1 12 27 50 50
0180_0007_0055_0027_0027.jpg 1 7 55 27 27
0181_0043_0020_0039_0039.jpg 1 43 20 39 39
0182_0008_0013_0069_0069.jpg 1 8 13 69 69
0183_0025_0028_0025_0025.jpg 1 25 28 25 25
0184_0014_0009_0041_0041.jpg 1 14 9 41 41
0185_0013_0025_0051_0051.jpg 1 13 25 51 51
0186_0010_0014_0040_0040.jpg 1 10 14 40 40
0187_0021_0031_0052_0052.jpg 1 21 31 52 52
0188_0009_0023_0059_0059.jpg 1 9 23 59 59
0189_0016_0036_0036_0036.jpg 1 16 36 36 36
0190_0017_0053_0030_0030.jpg 1 17 53 30 30
0191_0025_0030_0059_0059.jpg 1 25 30 59 59
0192_0027_0015_0036_0036.jpg 1 27 15 36 36
0193_0012_0007_0066_0066.jpg 1 12 7 66 66
0194_0017_0013_0069_0069.jpg 1 17 13 69 69
0195_0012_0024_0029_0029.jpg 1 12 24 29 29
0196_0025_0023_0065_0065.jpg 1 25 23 65 65
0197_0012_0015_0039_0039.jpg 1 12 15 39 39
0198_0035_0039_0047_0047.jpg 1 35 39 47 47
0199_0037_0027_0047_0047.jpg 1 37 27 47 47
0200_0007_0011_0058_0058.jpg 1 7 11 58 58
0201_0038_0013_0051_0051.jpg 1 38 13 51 51
0202_0016_0031_0046_0046.jpg 1 16 31 46 46
0203_0008_0018_0069_0069.jpg 1 8 18 69 69
0204_0016_0013_0054_0054.jpg 1 16 13 54 54
0205_0014_0031_0044_0044.jpg 1 14 31 44 44
0206_0012_0006_0066_0066.jpg 1 12 6 66 66
0207_0027_0012_0058_0058.jpg 1 27 12 58 58
0208_0006_0026_0063_0063.jpg 1 6 26 63 63
0209_0013_0021_0069_0069.jpg 1 13 21 69 69
0210_0023_0031_0028_0028.jpg 1 23 31 28 28
0211_0035_0009_0027_0027.jpg 1 35 9 27 27
0212_0022_0028_0059_0059.jpg 1 22 28 59 59
0213_0025_0018_0025_0025.jpg 1 25 18 25 25
0214_0026_0008_0066_0066.jpg 1 26 8 66 66
0215_0035_0038_0044_0044.jpg 1 35 38 44 44
0216_0020_0031_0045_0045.jpg 1 20 31 45 45
0217_0037_0042_0046_0046.jpg 1 37 42 46 46
0218_0029_0009_0057_0057.jpg 1 29 9 57 57
0219_0043_0042_0035_0035.jpg 1 43 42 35 35
0220_0020_0040_0041_0041.jpg 1 20 40 41 41
0221_0044_0017_0035_0035.jpg 1 44 17 35 35
0222_0040_0006_0048_0048.jpg 1 40 6 48 48
0223_0009_0023_0026_0026.jpg 1 9 23 26 26
0224_0030_0028_0054_0054.jpg 1 30 28 54 54
0225_0005_0029_0050_0050.jpg 1 5 29 50 50
0226_0022_0016_0053_0053.jpg 1 22 16 53 53
0227_0041_0037_0042_0042.jpg 1 41 37 42 42
0228_0013_0049_0034_0034.jpg 1 13 49 34 34
0229_0015_0008_0067_0067.jpg 1 15 8 67 67
0230_0024_0025_0067_0067.jpg 1 24 25 67 67
0231_0015_0021_0063_0063.jpg 1 15 21 63 63
0232_0015_0034_0053_0053.jpg 1 15 34 53 53
0233_0008_0024_0049_0049.jpg 1 8 24 49 49
0234_0023_0006_0057_0057.jpg 1 23 6 57 57
0235_0014_0006_0060_0060.jpg 1 14 6 60 60
0236_0048_0037_0026_0026.jpg 1 48 37 26 26
0237_0014_0010_0039_0039.jpg 1 14 10 39 39
0238_0024_0025_0065_0065.jpg 1 24 25 65 65
0239_0008_0020_0069_0069.jpg 1 8 20 69 69
0240_0045_0043_0038_0038.jpg 1 45 43 38 38
0241_0038_0042_0046_0046.jpg 1 38 42 46 46
0242_0014_0035_0044_0044.jpg 1 14 35 44 44
0243_0012_0006_0062_0062.jpg 1 12 6 62 62
0244_0024_0023_0066_0066.jpg 1 24 23 66 66
0245_0036_0015_0050_0050.jpg 1 36 15 50 50
0246_0033_0038_0040_0040.jpg 1 33 38 40 40
0247_0012_0014_0069_0069.jpg 1 12 14 69 69
0248_0023_0026_0037_0037.jpg 1 23 26 37 37
0249_0032_0021_0035_0035.jpg 1 32 21 35 35
0250_0011_0014_0048_0048.jpg 1 11 14 48 48
0251_0012_0020_0060_0060.jpg 1 12 20 60 60
0252_0034_0021_0054_0054.jpg 1 34 21 54 54
0253_0010_0010_0041_0041.jpg 1 10 10 41 41
0254_0010_0014_0052_0052.jpg 1 10 14 52 52
0255_0049_0007_0035_0035.jpg 1 49 7 35 35
0256_0034_0029_0033_0033.jpg 1 34 29 33 33
0257_0027_0032_0051_0051.jpg 1 27 32 51 51
0258_0007_0008_0043_0043.jpg 1 7 8 43 43
0259_0021_0037_0026_0026.jpg 1 21 37 26 26
0260_0054_0051_0031_0031.jpg 1 54 51 31 31
0261_0038_0028_0038_0038.jpg 1 38 28 38 38
0262_0008_0017_0039_0039.jpg 1 8 17 39 39
0263_0028_0012_0061_0061.jpg 1 28 12 61 61
0264_0016_0027_0055_0055.jpg 1 16 27 55 55
0265_0025_0029_0055_0055.jpg 1 25 29 55 55
0266_0006_0046_0041_0041.jpg 1 6 46 41 41
0267_0056_0010_0028_0028.jpg 1 56 10 28 28
0268_0021_0034_0052_0052.jpg 1 21 34 52 52
0269_0009_0016_0058_0058.jpg 1 9 16 58 58
0270_0019_0007_0058_0058.jpg 1 19 7 58 58
0271_0027_0019_0052_0052.jpg 1 27 19 52 52
0272_0033_0047_0025_0025.jpg 1 33 47 25 25
0273_0007_0014_0063_0063.jpg 1 7 14 63 63
0274_0014_0047_0024_0024.jpg 1 14 47 24 24
0275_0013_0026_0046_0046.jpg 1 13 26 46 46
0276_0023_0010_0038_0038.jpg 1 23 10 38 38
0277_0015_0007_0059_0059.jpg 1 15 7 59 59
0278_0020_0046_0036_0036.jpg 1 20 46 36 36
0279_0023_0009_0034_0034.jpg 1 23 9 34 34
0280_0037_0013_0050_0050.jpg 1 37 13 50 50
0281_0020_0023_0067_0067.jpg 1 20 23 67 67
0282_0038_0032_0047_0047.jpg 1 38 32 47 47
0283_0022_0017_0066_0066.jpg 1 22 17 66 66
0284_0014_0019_0030_0030.jpg 1 14 19 30 30
0285_0036_0025_0044_0044.jpg 1 36 25 44 44
0286_0020_0013_0069_0069.jpg 1 20 13 69 69
0287_0005_0007_0061_0061.jpg 1 5 7 61 61
0288_0042_0036_0037_0037.jpg 1 42 36 37 37
0289_0020_0039_0037_0037.jpg 1 20 39 37 37
0290_0016_0010_0062_0062.jpg 1 16 10 62 62
0291_0022_0011_0059_0059.jpg 1 22 11 59 59
0292_0029_0030_0061_0061.jpg 1 29 30 61 61
0293_0033_0034_0033_0033.jpg 1 33 34 33 33
0294_0010_0022_0063_0063.jpg 1 10 22 63 63
0295_0020_0006_0063_0063.jpg 1 20 6 63 63
0296_0021_0038_0024_0024.jpg 1 21 38 24 24
0297_0025_0012_0048_0048.jpg 1 25 12 48 48
0298_0022_0025_0068_0068.jpg 1 22 25 68 68
0299_0028_0020_0064_0064.jpg 1 28 20 64 64
0300_0017_0020_0062_0062.jpg 1 17 20 62 62
0301_0008_0007_0062_0062.jpg 1 8 7 62 62
0302_0016_0013_0069_0069.jpg 1 16 13 69 69
0303_0006_0022_0069_0069.jpg 1 6 22 69 69
0304_0035_0017_0053_0053.jpg 1 35 17 53 53
0305_0050_0029_0031_0031.jpg 1 50 29 31 31
0306_0021_0026_0064_0064.jpg 1 21 26 64 64
0307_0005_0004_0061_0061.jpg 1 5 4 61 61
0308_0015_0021_0062_0062.jpg 1 15 21 62 62
0309_0024_0022_0067_0067.jpg 1 24 22 67 67
0310_0024_0025_0040_0040.jpg 1 24 25 40 40
0311_0049_0028_0028_0028.jpg 1 49 28 28 28
0312_0055_0027_0025_0025.jpg 1 55 27 25 25
0313_0055_0054_0028_0028.jpg 1 55 54 28 28
0314_0038_0020_0044_0044.jpg 1 38 20 44 44
0315_0014_0021_0058_0058.jpg 1 14 21 58 58
0316_0012_0022_0062_0062.jpg 1 12 22 62 62
0317_0025_0007_0066_0066.jpg 1 25 7 66 66
0318_0011_0026_0066_0066.jpg 1 11 26 66 66
0319_0043_0041_0025_0025.jpg 1 43 41 25 25
0320_0008_0031_0060_0060.jpg 1 8 31 60 60
0321_0048_0055_0028_0028.jpg 1 48 55 28 28
0322_0014_0040_0030_0030.jpg 1 14 40 30 30
0323_0010_0022_0063_0063.jpg 1 10 22 63 63
0324_0023_0027_0062_0062.jpg 1 23 27 62 62
0325_0014_0012_0058_0058.jpg 1 14 12 58 58
0326_0012_0020_0046_0046.jpg 1 12 20 46 46
0327_0025_0019_0059_0059.jpg 1 25 19 59 59
0328_0029_0011_0057_0057.jpg 1 29 11 57 57
0329_0005_0009_0054_0054.jpg 1 5 9 54 54
0330_0030_0035_0045_0045.jpg 1 30 35 45 45
0331_0014_0016_0041_0041.jpg 1 14 16 41 41
0332_0008_0013_0040_0040.jpg 1 8 13 40 40
0333_0013_0042_0035_0035.jpg 1 13 42 35 35
0334_0009_0005_0067_0067.jpg 1 9 5 67 67
0335_0019_0058_0024_0024.jpg 1 19 58 24 24
0336_0015_0009_0069_0069.jpg 1 15 9 69 69
0337_0012_0010_0056_0056.jpg 1 12 10 56 56
0338_0031_0018_0043_0043.jpg 1 31 18 43 43
0339_0021_0023_0032_0032.jpg 1 21 23 32 32
0340_0028_0041_0035_0035.jpg 1 28 41 35 35
0341_0015_0038_0038_0038.jpg 1 15 38 38 38
0342_0038_0014_0049_0049.jpg 1 38 14 49 49
0343_0008_0021_0034_0034.jpg 1 8 21 34 34
0344_0026_0010_0066_0066.jpg 1 26 10 66 66
0345_0014_0016_0056_0056.jpg 1 14 16 56 56
0346_0053_0041_0032_0032.jpg 1 53 41 32 32
0347_0013_0008_0047_0047.jpg 1 13 8 47 47
0348_0011_0017_0067_0067.jpg 1 11 17 67 67
0349_0011_0031_0060_0060.jpg 1 11 31 60 60
0350_0016_0022_0064_0064.jpg 1 16 22 64 64
0351_0019_0033_0051_0051.jpg 1 19 33 51 51
0352_0012_0031_0055_0055.jpg 1 12 31 55 55
0353_0015_0026_0027_0027.jpg 1 15 26 27 27
0354_0025_0035_0027_0027.jpg 1 25 35 27 27
0355_0013_0017_0069_0069.jpg 1 13 17 69 69
0356_0028_0010_0038_0038.jpg 1 28 10 38 38
0357_0009_0009_0050_0050.jpg 1 9 9 50 50
0358_0015_0022_0067_0067.jpg 1 15 22 67 67
0359_0008_0008_0053_0053.jpg 1 8 8 53 53
0360_0031_0017_0034_0034.jpg 1 31 17 34 34
0361_0023_0013_0054_0054.jpg 1 23 13 54 54
0362_0028_0021_0051_0051.jpg 1 28 21 51 51
0363_0012_0030_0049_0049.jpg 1 12 30 49 49
0364_0016_0022_0066_0066.jpg 1 16 22 66 66
0365_0017_0021_0030_0030.jpg 1 17 21 30 30
0366_0043_0047_0032_0032.jpg 1 43 47 32 32
0367_0026_0023_0034_0034.jpg 1 26 23 34 34
0368_0018_0052_0028_0028.jpg 1 18 52 28 28
0369_0035_0028_0052_0052.jpg 1 35 28 52 52
0370_0032_0021_0043_0043.jpg 1 32 21 43 43
0371_0046_0036_0032_0032.jpg 1 46 36 32 32
0372_0016_0004_0063_0063.jpg 1 16 4 63 63
0373_0015_0040_0045_0045.jpg 1 15 40 45 45
0374_0025_0020_0053_0053.jpg 1 25 20 53 53
0375_0028_0024_0050_0050.jpg 1 28 24 50 50
0376_0036_0054_0025_0025.jpg 1 36 54 25 25
0377_0018_0009_0047_0047.jpg 1 18 9 47 47
0378_0018_0009_0041_0041.jpg 1 18 9 41 41
0379_0015_0044_0035_0035.jpg 1 15 44 35 35
0380_0034_0020_0025_0025.jpg 1 34 20 25 25
0381_0033_0012_0044_0044.jpg 1 33 12 44 44
0382_0025_0014_0043_0043.jpg 1 25 14 43 43
0383_0018_0013_0037_0037.jpg 1 18 13 37 37
0384_0025_0023_0064_0064.jpg 1 25 23 64 64
0385_0020_0022_0051_0051.jpg 1 20 22 51 51
0386_0025_0008_0056_0056.jpg 1 25 8 56 56
0387_0019_0025_0060_0060.jpg 1 19 25 60 60
0388_0023_0011_0054_0054.jpg 1 23 11 54 54
0389_0016_0013_0025_0025.jpg 1 16 13 25 25
0390_0019_0024_0056_0056.jpg 1 19 24 56 56
0391_0025_0039_0047_0047.jpg 1 25 39 47 47
0392_0022_0024_0052_0052.jpg 1 22 24 52 52
0393_0010_0019_0044_0044.jpg 1 10 19 44 44
0394_0007_0027_0057_0057.jpg 1 7 27 57 57
0395_0008_0026_0039_0039.jpg 1 8 26 39 39
0396_0020_0019_0049_0049.jpg 1 20 19 49 49
0397_0016_0033_0049_0049.jpg 1 16 33 49 49
0398_0040_0015_0043_0043.jpg 1 40 15 43 43
0399_0021_0021_0062_0062.jpg 1 21 21 62 62
0400_0035_0025_0052_0052.jpg 1 35 25 52 52
0401_0024_0033_0053_0053.jpg 1 24 33 53 53
0402_0040_0053_0024_0024.jpg 1 40 53 24 24
0403_0043_0032_0039_0039.jpg 1 43 32 39 39
0404_0031_0007_0049_0049.jpg 1 31 7 49 49
0405_0021_0006_0060_0060.jpg 1 21 6 60 60
0406_0010_0013_0050_0050.jpg 1 10 13 50 50
0407_0012_0041_0024_0024.jpg 1 12 41 24 24
0408_0010_0028_0056_0056.jpg 1 10 28 56 56
0409_0012_0014_0069_0069.jpg 1 12 14 69 69
0410_0029_0026_0045_0045.jpg 1 29 26 45 45
0411_0005_0037_0047_0047.jpg 1 5 37 47 47
0412_0009_0011_0053_0053.jpg 1 9 11 53 53
0413_0026_0023_0031_0031.jpg 1 26 23 31 31
0414_0021_0010_0043_0043.jpg 1 21 10 43 43
0415_0031_0030_0033_0033.jpg 1 31 30 33 33
0416_0008_0015_0044_0044.jpg 1 8 15 44 44
0417_0023_0028_0042_0042.jpg 1 23 28 42 42
0418_0012_0023_0064_0064.jpg 1 12 23 64 64
0419_0044_0037_0026_0026.jpg 1 44 37 26 26
0420_0021_0022_0041_0041.jpg 1 21 22 41 41
0421_0022_0024_0057_0057.jpg 1 22 24 57 57
0422_0008_0016_0030_0030.jpg 1 8 16 30 30
0423_0009_0037_0039_0039.jpg 1 9 37 39 39
0424_0011_0013_0053_0053.jpg 1 11 13 53 53
0425_0013_0051_0030_0030.jpg 1 13 51 30 30
0426_0032_0014_0049_0049.jpg 1 32 14 49 49
0427_0031_0053_0025_0025.jpg 1 31 53 25 25
0428_0046_0029_0042_0042.jpg 1 46 29 42 42
0429_0023_0006_0068_0068.jpg 1 23 6 68 68
0430_0018_0016_0040_0040.jpg 1 18 16 40 40
0431_0035_0042_0040_0040.jpg 1 35 42 40 40
0432_0021_0033_0051_0051.jpg 1 21 33 51 51
0433_0027_0013_0030_0030.jpg 1 27 13 30 30
0434_0034_0027_0031_0031.jpg 1 34 27 31 31
0435_0004_0004_0063_0063.jpg 1 4 4 63 63
0436_0039_0023_0027_0027.jpg 1 39 23 27 27
0437_0043_0021_0040_0040.jpg 1 43 21 40 40
0438_0013_0039_0030_0030.jpg 1 13 39 30 30
0439_0020_0020_0067_0067.jpg 1 20 20 67 67
0440_0031_0043_0026_0026.jpg 1 31 43 26 26
0441_0029_0007_0063_0063.jpg 1 29 7 63 63
0442_0027_0016_0065_0065.jpg 1 27 16 65 65
0443_0029_0033_0025_0025.jpg 1 29 33 25 25
0444_0023_0042_0046_0046.jpg 1 23 42 46 46
0445_0032_0005_0057_0057.jpg 1 32 5 57 57
0446_0012_0030_0058_0058.jpg 1 12 30 58 58
0447_0026_0007_0050_0050.jpg 1 26 7 50 50
0448_0009_0028_0046_0046.jpg 1 9 28 46 46
0449_0029_0020_0042_0042.jpg 1 29 20 42 42
0450_0010_0018_0051_0051.jpg 1 10 18 51 51
0451_0016_0022_0067_0067.jpg 1 16 22 67 67
0452_0013_0036_0051_0051.jpg 1 13 36 51 51
0453_0020_0011_0032_0032.jpg 1 20 11 32 32
0454_0021_0024_0025_0025.jpg 1 21 24 25 25
0455_0030_0005_0049_0049.jpg 1 30 5 49 49
0456_0023_0029_0057_0057.jpg 1 23 29 57 57
0457_0015_0007_0036_0036.jpg 1 15 7 36 36
0458_0036_0031_0053_0053.jpg 1 36 31 53 53
0459_0022_0012_0056_0056.jpg 1 22 12 56 56
0460_0006_0020_0061_0061.jpg 1 6 20 61 61
0461_0034_0029_0051_0051.jpg 1 34 29 51 51
0462_0010_0006_0054_0054.jpg 1 10 6 54 54
0463_0016_0019_0059_0059.jpg 1 16 19 59 59
0464_0012_0036_0041_0041.jpg 1 12 36 41 41
0465_0020_0015_0050_0050.jpg 1 20 15 50 50
0466_0009_0013_0031_0031.jpg 1 9 13 31 31
0467_0026_0018_0062_0062.jpg 1 26 18 62 62
0468_0036_0033_0039_0039.jpg 1 36 33 39 39
0469_0024_0017_0069_0069.jpg 1 24 17 69 69
0470_0011_0019_0066_0066.jpg 1 11 19 66 66
0471_0016_0043_0028_0028.jpg 1 16 43 28 28
0472_0024_0038_0044_0044.jpg 1 24 38 44 44
0473_0022_0028_0039_0039.jpg 1 22 28 39 39
0474_0042_0040_0037_0037.jpg 1 42 40 37 37
0475_0028_0013_0051_0051.jpg 1 28 13 51 51
0476_0007_0021_0066_0066.jpg 1 7 21 66 66
0477_0010_0007_0043_0043.jpg 1 10 7 43 43
0478_0010_0030_0061_0061.jpg 1 10 30 61 61
0479_0033_0006_0057_0057.jpg 1 33 6 57 57
0480_0021_0023_0043_0043.jpg 1 21 23 43 43
0481_0017_0026_0050_0050.jpg 1 17 26 50 50
0482_0027_0033_0052_0052.jpg 1 27 33 52 52
0483_0036_0007_0053_0053.jpg 1 36 7 53 53
0484_0014_0019_0066_0066.jpg 1 14 19 66 66
0485_0007_0017_0066_0066.jpg 1 7 17 66 66
0486_0023_0032_0059_0059.jpg 1 23 32 59 59
0487_0007_0015_0064_0064.jpg 1 7 15 64 64
0488_0012_0019_0064_0064.jpg 1 12 19 64 64
0489_0017_0011_0048_0048.jpg 1 17 11 48 48
0490_0005_0021_0067_0067.jpg 1 5 21 67 67
0491_0012_0006_0056_0056.jpg 1 12 6 56 56
0492_0021_0005_0055_0055.jpg 1 21 5 55 55
0493_0024_0023_0052_0052.jpg 1 24 23 52 52
0494_0006_0006_0061_0061.jpg 1 6 6 61 61
0495_0013_0031_0060_0060.jpg 1 13 31 60 60
0496_0049_0046_0037_0037.jpg 1 49 46 37 37
0497_0018_0008_0066_0066.jpg 1 18 8 66 66
0498_0009_0055_0028_0028.jpg 1 9 55 28 28
0499_0010_0029_0055_0055.jpg 1 10 29 55 55
0500_0024_0039_0038_0038.jpg 1 24 39 38 38
0501_0006_0012_0066_0066.jpg 1 6 12 66 66
0502_0016_0011_0060_0060.jpg 1 16 11 60 60
0503_0011_0029_0024_0024.jpg 1 11 29 24 24
0504_0011_0027_0065_0065.jpg 1 11 27 65 65
0505_0047_0009_0028_0028.jpg 1 47 9 28 28
0506_0012_0005_0066_0066.jpg 1 12 5 66 66
0507_0007_0022_0063_0063.jpg 1 7 22 63 63
0508_0054_0027_0031_0031.jpg 1 54 27 31 31
0509_0022_0026_0026_0026.jpg 1 22 26 26 26
0510_0026_0025_0057_0057.jpg 1 26 25 57 57
0511_0046_0006_0041_0041.jpg 1 46 6 41 41
0512_0009_0026_0062_0062.jpg 1 9 26 62 62
0513_0018_0037_0048_0048.jpg 1 18 37 48 48
0514_0035_0041_0031_0031.jpg 1 35 41 31 31
0515_0024_0018_0043_0043.jpg 1 24 18 43 43
0516_0030_0020_0037_0037.jpg 1 30 20 37 37
0517_0014_0014_0053_0053.jpg 1 14 14 53 53
0518_0016_0009_0065_0065.jpg 1 16 9 65 65
0519_0013_0013_0056_0056.jpg 1 13 13 56 56
0520_0008_0021_0056_0056.jpg 1 8 21 56 56
0521_0022_0008_0064_0064.jpg 1 22 8 64 64
0522_0032_0048_0026_0026.jpg 1 32 48 26 26
0523_0012_0021_0068_0068.jpg 1 12 21 68 68
0524_0010_0023_0062_0062.jpg 1 10 23 62 62
0525_0018_0011_0041_0041.jpg 1 18 11 41 41
0526_0009_0027_0065_0065.jpg 1 9 27 65 65
0527_0009_0033_0057_0057.jpg 1 9 33 57 57
0528_0024_0024_0066_0066.jpg 1 24 24 66 66
0529_0025_0033_0039_0039.jpg 1 25 33 39 39
0530_0033_0009_0050_0050.jpg 1 33 9 50 50
0531_0017_0023_0060_0060.jpg 1 17 23 60 60
0532_0047_0008_0031_0031.jpg 1 47 8 31 31
0533_0028_0007_0051_0051.jpg 1 28 7 51 51
0534_0021_0028_0060_0060.jpg 1 21 28 60 60
0535_0019_0010_0030_0030.jpg 1 19 10 30 30
0536_0010_0029_0043_0043.jpg 1 10 29 43 43
0537_0019_0018_0055_0055.jpg 1 19 18 55 55
0538_0023_0028_0062_0062.jpg 1 23 28 62 62
0539_0037_0035_0028_0028.jpg 1 37 35 28 28
0540_0011_0026_0067_0067.jpg 1 11 26 67 67
0541_0012_0032_0055_0055.jpg 1 12 32 55 55
0542_0024_0023_0042_0042.jpg 1 24 23 42 42
0543_0019_0022_0069_0069.jpg 1 19 22 69 69
0544_0037_0017_0048_0048.jpg 1 37 17 48 48
0545_0014_0038_0048_0048.jpg 1 14 38 48 48
0546_0027_0029_0032_0032.jpg 1 27 29 32 32
0547_0025_0053_0032_0032.jpg 1 25 53 32 32
0548_0025_0005_0068_0068.jpg 1 25 5 68 68
0549_0012_0018_0027_0027.jpg 1 12 18 27 27
0550_0012_0019_0064_0064.jpg 1 12 19 64 64
0551_0018_0008_0069_0069.jpg 1 18 8 69 69
0552_0022_0027_0035_0035.jpg 1 22 27 35 35
0553_0021_0022_0066_0066.jpg 1 21 22 66 66
0554_0032_0035_0044_0044.jpg 1 32 35 44 44
0555_0032_0020_0024_0024.jpg 1 32 20 24 24
0556_0010_0025_0043_0043.jpg 1 10 25 43 43
0557_0033_0034_0055_0055.jpg 1 33 34 55 55
0558_0035_0022_0052_0052.jpg 1 35 22 52 52
0559_0042_0038_0025_0025.jpg 1 42 38 25 25
0560_0022_0020_0044_0044.jpg 1 22 20 44 44
0561_0027_0014_0064_0064.jpg 1 27 14 64 64
0562_0020_0006_0061_0061.jpg 1 20 6 61 61
0563_0013_0008_0029_0029.jpg 1 13 8 29 29
0564_0043_0039_0039_0039.jpg 1 43 39 39 39
0565_0006_0038_0046_0046.jpg 1 6 38 46 46
0566_0026_0021_0058_0058.jpg 1 26 21 58 58
0567_0024_0053_0025_0025.jpg 1 24 53 25 25
0568_0025_0044_0026_0026.jpg 1 25 44 26 26
0569_0023_0009_0067_0067.jpg 1 23 9 67 67
0570_0047_0045_0027_0027.jpg 1 47 45 27 27
0571_0033_0029_0042_0042.jpg 1 33 29 42 42
0572_0034_0048_0037_0037.jpg 1 34 48 37 37
0573_0048_0025_0030_0030.jpg 1 48 25 30 30
0574_0028_0028_0064_0064.jpg 1 28 28 64 64
0575_0010_0007_0069_0069.jpg 1 10 7 69 69
0576_0022_0016_0055_0055.jpg 1 22 16 55 55
0577_0014_0009_0069_0069.jpg 1 14 9 69 69
0578_0024_0011_0067_0067.jpg 1 24 11 67 67
0579_0014_0008_0060_0060.jpg 1 14 8 60 60
0580_0036_0036_0043_0043.jpg 1 36 36 43 43
0581_0008_0040_0025_0025.jpg 1 8 40 25 25
0582_0049_0028_0037_0037.jpg 1 49 28 37 37
0583_0004_0020_0068_0068.jpg 1 4 20 68 68
0584_0025_0047_0032_0032.jpg 1 25 47 32 32
0585_0019_0014_0065_0065.jpg 1 19 14 65 65
0586_0003_0019_0069_0069.jpg 1 3 19 69 69
0587_0027_0043_0032_0032.jpg 1 27 43 32 32
0588_0034_0040_0040_0040.jpg 1 34 40 40 40
0589_0007_0040_0040_0040.jpg 1 7 40 40 40
0590_0035_0014_0044_0044.jpg 1 35 14 44 44
0591_0012_0039_0031_0031.jpg 1 12 39 31 31
0592_0008_0005_0067_0067.jpg 1 8 5 67 67
0593_0019_0007_0063_0063.jpg 1 19 7 63 63
0594_0046_0009_0033_0033.jpg 1 46 9 33 33
0595_0052_0030_0027_0027.jpg 1 52 30 27 27
0596_0007_0018_0068_0068.jpg 1 7 18 68 68
0597_0010_0014_0066_0066.jpg 1 10 14 66 66
0598_0028_0031_0029_0029.jpg 1 28 31 29 29
0599_0027_0014_0062_0062.jpg 1 27 14 62 62
0600_0022_0019_0068_0068.jpg 1 22 19 68 68
0601_0017_0018_0069_0069.jpg 1 17 18 69 69
0602_0012_0023_0066_0066.jpg 1 12 23 66 66
0603_0024_0036_0049_0049.jpg 1 24 36 49 49
0604_0031_0033_0054_0054.jpg 1 31 33 54 54
0605_0011_0012_0045_0045.jpg 1 11 12 45 45
0606_0032_0017_0040_0040.jpg 1 32 17 40 40
0607_0019_0006_0058_0058.jpg 1 19 6 58 58
0608_0016_0033_0026_0026.jpg 1 16 33 26 26
0609_0009_0023_0067_0067.jpg 1 9 23 67 67
0610_0056_0060_0024_0024.jpg 1 56 60 24 24
0611_0036_0009_0034_0034.jpg 1 36 9 34 34
0612_0021_0015_0069_0069.jpg 1 21 15 69 69
0613_0005_0012_0049_0049.jpg 1 5 12 49 49
0614_0021_0014_0064_0064.jpg 1 21 14 64 64
0615_0028_0027_0059_0059.jpg 1 28 27 59 59
0616_0009_0028_0046_0046.jpg 1 9 28 46 46
0617_0018_0028_0062_0062.jpg 1 18 28 62 62
0618_0019_0043_0029_0029.jpg 1 19 43 29 29
0619_0012_0033_0031_0031.jpg 1 12 33 31 31
0620_0034_0045_0039_0039.jpg 1 34 45 39 39
0621_0036_0011_0051_0051.jpg 1 36 11 51 51
0622_0017_0012_0049_0049.jpg 1 17 12 49 49
0623_0005_0008_0069_0069.jpg 1 5 8 69 69
0624_0024_0011_0063_0063.jpg 1 24 11 63 63
0625_0033_0018_0045_0045.jpg 1 33 18 45 45
0626_0030_0007_0046_0046.jpg 1 30 7 46 46
0627_0046_0033_0038_0038.jpg 1 46 33 38 38
0628_0035_0028_0035_0035.jpg 1 35 28 35 35
0629_0027_0042_0026_0026.jpg 1 27 42 26 26
0630_0017_0026_0039_0039.jpg 1 17 26 39 39
0631_0023_0042_0031_0031.jpg 1 23 42 31 31
0632_0051_0049_0030_0030.jpg 1 51 49 30 30
0633_0006_0024_0057_0057.jpg 1 6 24 57 57
0634_0018_0008_0060_0060.jpg 1 18 8 60 60
0635_0024_0026_0063_0063.jpg 1 24 26 63 63
0636_0012_0029_0055_0055.jpg 1 12 29 55 55
0637_0018_0007_0062_0062.jpg 1 18 7 62 62
0638_0024_0020_0050_0050.jpg 1 24 20 50 50
0639_0030_0043_0033_0033.jpg 1 30 43 33 33
0640_0020_0031_0036_0036.jpg 1 20 31 36 36
0641_0011_0039_0032_0032.jpg 1 11 39 32 32
0642_0025_0026_0028_0028.jpg 1 25 26 28 28
0643_0027_0021_0043_0043.jpg 1 27 21 43 43
0644_0028_0006_0064_0064.jpg 1 28 6 64 64
0645_0022_0006_0059_0059.jpg 1 22 6 59 59
0646_0029_0031_0059_0059.jpg 1 29 31 59 59
0647_0050_0047_0033_0033.jpg 1 50 47 33 33
0648_0042_0009_0043_0043.jpg 1 42 9 43 43
0649_0022_0051_0034_0034.jpg 1 22 51 34 34
0650_0037_0026_0036_0036.jpg 1 37 26 36 36
0651_0016_0011_0069_0069.jpg 1 16 11 69 69
0652_0018_0007_0059_0059.jpg 1 18 7 59 59
0653_0012_0026_0044_0044.jpg 1 12 26 44 44
0654_0004_0006_0065_0065.jpg 1 4 6 65 65
0655_0025_0024_0043_0043.jpg 1 25 24 43 43
0656_0041_0011_0041_0041.jpg 1 41 11 41 41
0657_0019_0008_0053_0053.jpg 1 19 8 53 53
0658_0019_0023_0069_0069.jpg 1 19 23 69 69
0659_0019_0016_0069_0069.jpg 1 19 16 69 69
0660_0010_0040_0026_0026.jpg 1 10 40 26 26
0661_0005_0031_0057_0057.jpg 1 5 31 57 57
0662_0029_0028_0034_0034.jpg 1 29 28 34 34
0663_0044_0017_0035_0035.jpg 1 44 17 35 35
0664_0041_0009_0045_0045.jpg 1 41 9 45 45
0665_0006_0015_0054_0054.jpg 1 6 15 54 54
0666_0031_0045_0036_0036.jpg 1 31 45 36 36
0667_0022_0016_0036_0036.jpg 1 22 16 36 36
0668_0010_0019_0059_0059.jpg 1 10 19 59 59
0669_0016_0024_0068_0068.jpg 1 16 24 68 68
0670_0024_0031_0043_0043.jpg 1 24 31 43 43
0671_0007_0005_0055_0055.jpg 1 7 5 55 55
0672_0044_0015_0024_0024.jpg 1 44 15 24 24
0673_0006_0008_0066_0066.jpg 1 6 8 66 66
0674_0011_0005_0050_0050.jpg 1 11 5 50 50
0675_0031_0017_0043_0043.jpg 1 31 17 43 43
0676_0016_0039_0047_0047.jpg 1 16 39 47 47
0677_0040_0056_0029_0029.jpg 1 40 56 29 29
0678_0010_0006_0043_0043.jpg 1 10 6 43 43
0679_0023_0023_0053_0053.jpg 1 23 23 53 53
0680_0011_0034_0050_0050.jpg 1 11 34 50 50
0681_0011_0008_0034_0034.jpg 1 11 8 34 34
0682_0025_0011_0046_0046.jpg 1 25 11 46 46
0683_0026_0039_0047_0047.jpg 1 26 39 47 47
0684_0037_0010_0035_0035.jpg 1 37 10 35 35
0685_0022_0012_0056_0056.jpg 1 22 12 56 56
0686_0016_0015_0026_0026.jpg 1 16 15 26 26
0687_0038_0032_0032_0032.jpg 1 38 32 32 32
0688_0009_0008_0069_0069.jpg 1 9 8 69 69
0689_0009_0042_0046_0046.jpg 1 9 42 46 46
0690_0021_0027_0059_0059.jpg 1 21 27 59 59
0691_0024_0015_0060_0060.jpg 1 24 15 60 60
0692_0022_0017_0060_0060.jpg 1 22 17 60 60
0693_0037_0028_0041_0041.jpg 1 37 28 41 41
0694_0014_0048_0037_0037.jpg 1 14 48 37 37
0695_0026_0022_0038_0038.jpg 1 26 22 38 38
0696_0009_0004_0068_0068.jpg 1 9 4 68 68
0697_0032_0023_0040_0040.jpg 1 32 23 40 40
0698_0004_0026_0066_0066.jpg 1 4 26 66 66
0699_0021_0027_0050_0050.jpg 1 21 27 50 50
0700_0004_0034_0057_0057.jpg 1 4 34 57 57
0701_0039_0040_0028_0028.jpg 1 39 40 28 28
0702_0030_0040_0025_0025.jpg 1 30 40 25 25
0703_0027_0011_0037_0037.jpg 1 27 11 37 37
0704_0026_0029_0053_0053.jpg 1 26 29 53 53
0705_0019_0038_0049_0049.jpg 1 19 38 49 49
0706_0027_0027_0045_0045.jpg 1 27 27 45 45
0707_0035_0005_0046_0046.jpg 1 35 5 46 46
0708_0024_0021_0059_0059.jpg 1 24 21 59 59
0709_0015_0033_0028_0028.jpg 1 15 33 28 28
0710_0028_0026_0038_0038.jpg 1 28 26 38 38
0711_0027_0025_0040_0040.jpg 1 27 25 40 40
0712_0053_0048_0028_0028.jpg 1 53 48 28 28
0713_0015_0025_0064_0064.jpg 1 15 25 64 64
0714_0026_0030_0055_0055.jpg 1 26 30 55 55
0715_0008_0009_0060_0060.jpg 1 8 9 60 60
0716_0008_0014_0068_0068.jpg 1 8 14 68 68
0717_0007_0018_0066_0066.jpg 1 7 18 66 66
0718_0016_0042_0032_0032.jpg 1 16 42 32 32
0719_0011_0021_0062_0062.jpg 1 11 21 62 62
0720_0016_0029_0050_0050.jpg 1 16 29 50 50
0721_0040_0041_0047_0047.jpg 1 40 41 47 47
0722_0014_0023_0024_0024.jpg 1 14 23 24 24
0723_0005_0009_0047_0047.jpg 1 5 9 47 47
0724_0020_0009_0050_0050.jpg 1 20 9 50 50
0725_0023_0021_0032_0032.jpg 1 23 21 32 32
0726_0040_0041_0032_0032.jpg 1 40 41 32 32
0727_0008_0016_0064_0064.jpg 1 8 16 64 64
0728_0019_0026_0045_0045.jpg 1 19 26 45 45
0729_0023_0010_0042_0042.jpg 1 23 10 42 42
0730_0015_0009_0059_0059.jpg 1 15 9 59 59
0731_0010_0022_0044_0044.jpg 1 10 22 44 44
0732_0005_0010_0066_0066.jpg 1 5 10 66 66
0733_0021_0008_0064_0064.jpg 1 21 8 64 64
0734_0017_0041_0042_0042.jpg 1 17 41 42 42
0735_0036_0044_0042_0042.jpg 1 36 44 42 42
0736_0035_0009_0034_0034.jpg 1 35 9 34 34
0737_0045_0009_0029_0029.jpg 1 45 9 29 29
0738_0026_0051_0026_0026.jpg 1 26 51 26 26
0739_0025_0021_0065_0065.jpg 1 25 21 65 65
0740_0046_0026_0038_0038.jpg 1 46 26 38 38
0741_0024_0026_0051_0051.jpg 1 24 26 51 51
0742_0014_0011_0048_0048.jpg 1 14 11 48 48
0743_0034_0031_0038_0038.jpg 1 34 31 38 38
0744_0043_0024_0032_0032.jpg 1 43 24 32 32
0745_0009_0015_0050_0050.jpg 1 9 15 50 50
0746_0027_0036_0039_0039.jpg 1 27 36 39 39
0747_0029_0005_0063_0063.jpg 1 29 5 63 63
0748_0032_0010_0052_0052.jpg 1 32 10 52 52
0749_0028_0045_0041_0041.jpg 1 28 45 41 41
0750_0018_0017_0058_0058.jpg 1 18 17 58 58
0751_0024_0013_0061_0061.jpg 1 24 13 61 61
0752_0024_0023_0057_0057.jpg 1 24 23 57 57
0753_0018_0007_0060_0060.jpg 1 18 7 60 60
0754_0059_0026_0025_0025.jpg 1 59 26 25 25
0755_0024_0010_0055_0055.jpg 1 24 10 55 55
0756_0030_0037_0036_0036.jpg 1 30 37 36 36
0757_0026_0017_0065_0065.jpg 1 26 17 65 65
0758_0034_0040_0037_0037.jpg 1 34 40 37 37
0759_0025_0022_0055_0055.jpg 1 25 22 55 55
0760_0009_0010_0054_0054.jpg 1 9 10 54 54
0761_0025_0027_0039_0039.jpg 1 25 27 39 39
0762_0015_0017_0058_0058.jpg 1 15 17 58 58
0763_0033_0019_0041_0041.jpg 1 33 19 41 41
0764_0005_0014_0064_0064.jpg 1 5 14 64 64
0765_0031_0024_0056_0056.jpg 1 31 24 56 56
0766_0006_0009_0068_0068.jpg 1 6 9 68 68
0767_0036_0008_0045_0045.jpg 1 36 8 45 45
0768_0027_0031_0040_0040.jpg 1 27 31 40 40
0769_0037_0033_0050_0050.jpg 1 37 33 50 50
0770_0011_0019_0054_0054.jpg 1 11 19 54 54
0771_0022_0021_0062_0062.jpg 1 22 21 62 62
0772_0009_0008_0031_0031.jpg 1 9 8 31 31
0773_0019_0008_0069_0069.jpg 1 19 8 69 69
0774_0015_0038_0047_0047.jpg 1 15 38 47 47
0775_0025_0032_0053_0053.jpg 1 25 32 53 53
0776_0027_0022_0034_0034.jpg 1 27 22 34 34
0777_0024_0006_0062_0062.jpg 1 24 6 62 62
0778_0008_0024_0043_0043.jpg 1 8 24 43 43
0779_0031_0016_0024_0024.jpg 1 31 16 24 24
0780_0018_0012_0069_0069.jpg 1 18 12 69 69
0781_0003_0016_0067_0067.jpg 1 3 16 67 67
0782_0008_0030_0039_0039.jpg 1 8 30 39 39
0783_0035_0035_0053_0053.jpg 1 35 35 53 53
0784_0021_0037_0031_0031.jpg 1 21 37 31 31
0785_0007_0015_0067_0067.jpg 1 7 15 67 67
0786_0012_0019_0058_0058.jpg 1 12 19 58 58
0787_0022_0021_0067_0067.jpg 1 22 21 67 67
0788_0032_0030_0048_0048.jpg 1 32 30 48 48
0789_0018_0023_0064_0064.jpg 1 18 23 64 64
0790_0017_0040_0038_0038.jpg 1 17 40 38 38
0791_0008_0015_0035_0035.jpg 1 8 15 35 35
0792_0007_0016_0049_0049.jpg 1 7 16 49 49
0793_0007_0011_0057_0057.jpg 1 7 11 57 57
0794_0047_0014_0040_0040.jpg 1 47 14 40 40
0795_0041_0050_0035_0035.jpg 1 41 50 35 35
0796_0028_0013_0027_0027.jpg 1 28 13 27 27
0797_0006_0029_0038_0038.jpg 1 6 29 38 38
0798_0010_0013_0037_0037.jpg 1 10 13 37 37
0799_0038_0007_0024_0024.jpg 1 38 7 24 24
0800_0008_0026_0059_0059.jpg 1 8 26 59 59
0801_0036_0014_0042_0042.jpg 1 36 14 42 42
0802_0015_0034_0042_0042.jpg 1 15 34 42 42
0803_0014_0023_0029_0029.jpg 1 14 23 29 29
0804_0014_0009_0036_0036.jpg 1 14 9 36 36
0805_0011_0007_0065_0065.jpg 1 11 7 65 65
0806_0030_0022_0033_0033.jpg 1 30 22 33 33
0807_0014_0011_0052_0052.jpg 1 14 11 52 52
0808_0034_0016_0026_0026.jpg 1 34 16 26 26
0809_0025_0009_0062_0062.jpg 1 25 9 62 62
0810_0007_0028_0064_0064.jpg 1 7 28 64 64
0811_0014_0013_0060_0060.jpg 1 14 13 60 60
0812_0022_0026_0054_0054.jpg 1 22 26 54 54
0813_0042_0030_0044_0044.jpg 1 42 30 44 44
0814_0021_0012_0045_0045.jpg 1 21 12 45 45
0815_0011_0007_0039_0039.jpg 1 11 7 39 39
0816_0007_0005_0063_0063.jpg 1 7 5 63 63
0817_0051_0014_0032_0032.jpg 1 51 14 32 32
0818_0023_0034_0046_0046.jpg 1 23 34 46 46
0819_0012_0022_0069_0069.jpg 1 12 22 69 69
0820_0042_0020_0025_0025.jpg 1 42 20 25 25
0821_0017_0019_0066_0066.jpg 1 17 19 66 66
0822_0016_0007_0057_0057.jpg 1 16 7 57 57
0823_0023_0003_0069_0069.jpg 1 23 3 69 69
0824_0011_0007_0057_0057.jpg 1 11 7 57 57
0825_0015_0006_0048_0048.jpg 1 15 6 48 48
0826_0040_0026_0048_0048.jpg 1 40 26 48 48
0827_0049_0049_0032_0032.jpg 1 49 49 32 32
0828_0041_0015_0035_0035.jpg 1 41 15 35 35
0829_0004_0021_0053_0053.jpg 1 4 21 53 53
0830_0046_0011_0033_0033.jpg 1 46 11 33 33
0831_0019_0026_0034_0034.jpg 1 19 26 34 34
0832_0019_0015_0041_0041.jpg 1 19 15 41 41
0833_0012_0044_0030_0030.jpg 1 12 44 30 30
0834_0031_0013_0060_0060.jpg 1 31 13 60 60
0835_0032_0032_0054_0054.jpg 1 32 32 54 54
0836_0012_0045_0041_0041.jpg 1 12 45 41 41
0837_0033_0025_0058_0058.jpg 1 33 25 58 58
0838_0012_0015_0050_0050.jpg 1 12 15 50 50
0839_0032_0028_0051_0051.jpg 1 32 28 51 51
0840_0024_0037_0052_0052.jpg 1 24 37 52 52
0841_0014_0015_0030_0030.jpg 1 14 15 30 30
0842_0042_0016_0035_0035.jpg 1 42 16 35 35
0843_0013_0015_0040_0040.jpg 1 13 15 40 40
0844_0007_0034_0049_0049.jpg 1 7 34 49 49
0845_0026_0016_0042_0042.jpg 1 26 16 42 42
0846_0003_0020_0066_0066.jpg 1 3 20 66 66
0847_0024_0040_0034_0034.jpg 1 24 40 34 34
0848_0022_0030_0059_0059.jpg 1 22 30 59 59
0849_0019_0018_0046_0046.jpg 1 19 18 46 46
0850_0031_0007_0058_0058.jpg 1 31 7 58 58
0851_0030_0014_0047_0047.jpg 1 30 14 47 47
0852_0020_0010_0064_0064.jpg 1 20 10 64 64
0853_0024_0005_0068_0068.jpg 1 24 5 68 68
0854_0008_0007_0031_0031.jpg 1 8 7 31 31
0855_0029_0005_0057_0057.jpg 1 29 5 57 57
0856_0018_0009_0062_0062.jpg 1 18 9 62 62
0857_0019_0025_0042_0042.jpg 1 19 25 42 42
0858_0042_0007_0032_0032.jpg 1 42 7 32 32
0859_0024_0016_0068_0068.jpg 1 24 16 68 68
0860_0021_0006_0043_0043.jpg 1 21 6 43 43
0861_0026_0010_0058_0058.jpg 1 26 10 58 58
0862_0008_0032_0052_0052.jpg 1 8 32 52 52
0863_0043_0055_0024_0024.jpg 1 43 55 24 24
0864_0029_0031_0057_0057.jpg 1 29 31 57 57
0865_0026_0026_0032_0032.jpg 1 26 26 32 32
0866_0013_0011_0067_0067.jpg 1 13 11 67 67
0867_0009_0006_0058_0058.jpg 1 9 6 58 58
0868_0018_0007_0030_0030.jpg 1 18 7 30 30
0869_0010_0018_0056_0056.jpg 1 10 18 56 56
0870_0005_0021_0057_0057.jpg 1 5 21 57 57
0871_0017_0022_0035_0035.jpg 1 17 22 35 35
0872_0027_0016_0060_0060.jpg 1 27 16 60 60
0873_0019_0037_0043_0043.jpg 1 19 37 43 43
0874_0025_0019_0052_0052.jpg 1 25 19 52 52
0875_0011_0014_0053_0053.jpg 1 11 14 53 53
0876_0009_0021_0058_0058.jpg 1 9 21 58 58
0877_0015_0014_0053_0053.jpg 1 15 14 53 53
0878_0028_0009_0049_0049.jpg 1 28 9 49 49
0879_0019_0014_0062_0062.jpg 1 19 14 62 62
0880_0018_0017_0039_0039.jpg 1 18 17 39 39
0881_0021_0011_0030_0030.jpg 1 21 11 30 30
0882_0018_0028_0061_0061.jpg 1 18 28 61 61
0883_0028_0008_0064_0064.jpg 1 28 8 64 64
0884_0030_0011_0058_0058.jpg 1 30 11 58 58
0885_0007_0038_0046_0046.jpg 1 7 38 46 46
0886_0035_0034_0030_0030.jpg 1 35 34 30 30
0887_0040_0011_0028_0028.jpg 1 40 11 28 28
0888_0020_0045_0033_0033.jpg 1 20 45 33 33
0889_0009_0037_0041_0041.jpg 1 9 37 41 41
0890_0045_0047_0037_0037.jpg 1 45 47 37 37
0891_0053_0021_0032_0032.jpg 1 53 21 32 32
0892_0018_0038_0047_0047.jpg 1 18 38 47 47
0893_0047_0017_0025_0025.jpg 1 47 17 25 25
0894_0021_0011_0063_0063.jpg 1 21 11 63 63
0895_0030_0036_0049_0049.jpg 1 30 36 49 49
0896_0051_0019_0036_0036.jpg 1 51 19 36 36
0897_0039_0017_0035_0035.jpg 1 39 17 35 35
0898_0032_0030_0046_0046.jpg 1 32 30 46 46
0899_0036_0047_0032_0032.jpg 1 36 47 32 32
0900_0044_0019_0043_0043.jpg 1 44 19 43 43
0901_0039_0046_0042_0042.jpg 1 39 46 42 42
0902_0047_0032_0032_0032.jpg 1 47 32 32 32
0903_0026_0016_0040_0040.jpg 1 26 16 40 40
0904_0007_0026_0062_0062.jpg 1 7 26 62 62
0905_0008_0005_0062_0062.jpg 1 8 5 62 62
0906_0037_0024_0045_0045.jpg 1 37 24 45 45
0907_0020_0028_0039_0039.jpg 1 20 28 39 39
0908_0004_0005_0068_0068.jpg 1 4 5 68 68
0909_0024_0026_0040_0040.jpg 1 24 26 40 40
0910_0017_0019_0057_0057.jpg 1 17 19 57 57
0911_0010_0009_0046_0046.jpg 1 10 9 46 46
0912_0012_0035_0042_0042.jpg 1 12 35 42 42
0913_0037_0010_0048_0048.jpg 1 37 10 48 48
0914_0013_0021_0056_0056.jpg 1 13 21 56 56
0915_0030_0025_0029_0029.jpg 1 30 25 29 29
0916_0020_0013_0048_0048.jpg 1 20 13 48 48
0917_0004_0027_0064_0064.jpg 1 4 27 64 64
0918_0015_0012_0052_0052.jpg 1 15 12 52 52
0919_0012_0014_0045_0045.jpg 1 12 14 45 45
0920_0037_0012_0051_0051.jpg 1 37 12 51 51
0921_0034_0019_0026_0026.jpg 1 34 19 26 26
0922_0035_0053_0024_0024.jpg 1 35 53 24 24
0923_0026_0024_0060_0060.jpg 1 26 24 60 60
0924_0016_0007_0069_0069.jpg 1 16 7 69 69
0925_0010_0021_0063_0063.jpg 1 10 21 63 63
0926_0015_0009_0064_0064.jpg 1 15 9 64 64
0927_0038_0041_0030_0030.jpg 1 38 41 30 30
0928_0013_0029_0047_0047.jpg 1 13 29 47 47
0929_0028_0005_0058_0058.jpg 1 28 5 58 58
0930_0031_0016_0041_0041.jpg 1 31 16 41 41
0931_0012_0013_0061_0061.jpg 1 12 13 61 61
0932_0009_0017_0056_0056.jpg 1 9 17 56 56
0933_0013_0023_0033_0033.jpg 1 13 23 33 33
0934_0014_0007_0027_0027.jpg 1 14 7 27 27
0935_0011_0010_0057_0057.jpg 1 11 10 57 57
0936_0013_0044_0043_0043.jpg 1 13 44 43 43
0937_0052_0011_0026_0026.jpg 1 52 11 26 26
0938_0008_0012_0056_0056.jpg 1 8 12 56 56
0939_0007_0023_0051_0051.jpg 1 7 23 51 51
0940_0010_0034_0054_0054.jpg 1 10 34 54 54
0941_0016_0024_0043_0043.jpg 1 16 24 43 43
0942_0024_0024_0061_0061.jpg 1 24 24 61 61
0943_0021_0005_0051_0051.jpg 1 21 5 51 51
0944_0026_0025_0067_0067.jpg 1 26 25 67 67
0945_0017_0021_0062_0062.jpg 1 17 21 62 62
0946_0024_0030_0032_0032.jpg 1 24 30 32 32
0947_0010_0022_0048_0048.jpg 1 10 22 48 48
0948_0012_0012_0047_0047.jpg 1 12 12 47 47
0949_0030_0010_0045_0045.jpg 1 30 10 45 45
0950_0024_0018_0049_0049.jpg 1 24 18 49 49
0951_0027_0005_0065_0065.jpg 1 27 5 65 65
0952_0045_0018_0040_0040.jpg 1 45 18 40 40
0953_0009_0024_0062_0062.jpg 1 9 24 62 62
0954_0014_0004_0062_0062.jpg 1 14 4 62 62
0955_0008_0024_0068_0068.jpg 1 8 24 68 68
0956_0021_0013_0065_0065.jpg 1 21 13 65 65
0957_0025_0044_0033_0033.jpg 1 25 44 33 33
0958_0029_0016_0025_0025.jpg 1 29 16 25 25
0959_0027_0026_0062_0062.jpg 1 27 26 62 62
0960_0037_0011_0053_0053.jpg 1 37 11 53 53
0961_0019_0012_0036_0036.jpg 1 19 12 36 36
0962_0004_0005_0069_0069.jpg 1 4 5 69 69
0963_0042_0053_0028_0028.jpg 1 42 53 28 28
0964_0016_0022_0064_0064.jpg 1 16 22 64 64
0965_0017_0033_0052_0052.jpg 1 17 33 52 52
0966_0007_0034_0034_0034.jpg 1 7 34 34 34
0967_0018_0019_0066_0066.jpg 1 18 19 66 66
0968_0003_0016_0067_0067.jpg 1 3 16 67 67
0969_0031_0019_0054_0054.jpg 1 31 19 54 54
0970_0009_0027_0053_0053.jpg 1 9 27 53 53
0971_0032_0013_0046_0046.jpg 1 32 13 46 46
0972_0036_0053_0033_0033.jpg 1 36 53 33 33
0973_0011_0026_0038_0038.jpg 1 11 26 38 38
0974_0035_0015_0047_0047.jpg 1 35 15 47 47
0975_0005_0025_0068_0068.jpg 1 5 25 68 68
0976_0019_0030_0058_0058.jpg 1 19 30 58 58
0977_0036_0056_0024_0024.jpg 1 36 56 24 24
0978_0012_0021_0063_0063.jpg 1 12 21 63 63
0979_0012_0014_0024_0024.jpg 1 12 14 24 24
0980_0043_0048_0039_0039.jpg 1 43 48 39 39
0981_0038_0018_0043_0043.jpg 1 38 18 43 43
0982_0015_0013_0067_0067.jpg 1 15 13 67 67
0983_0027_0011_0048_0048.jpg 1 27 11 48 48
0984_0019_0046_0036_0036.jpg 1 19 46 36 36
0985_0029_0011_0041_0041.jpg 1 29 11 41 41
0986_0043_0036_0037_0037.jpg 1 43 36 37 37
0987_0011_0027_0035_0035.jpg 1 11 27 35 35
0988_0032_0026_0043_0043.jpg 1 32 26 43 43
0989_0007_0019_0039_0039.jpg 1 7 19 39 39
0990_0011_0004_0062_0062.jpg 1 11 4 62 62
0991_0023_0034_0056_0056.jpg 1 23 34 56 56
0992_0017_0012_0062_0062.jpg 1 17 12 62 62
0993_0005_0009_0061_0061.jpg 1 5 9 61 61
0994_0030_0013_0053_0053.jpg 1 30 13 53 53
0995_0044_0039_0024_0024.jpg 1 44 39 24 24
0996_0011_0011_0044_0044.jpg 1 11 11 44 44
0997_0018_0020_0053_0053.jpg 1 18 20 53 53
0998_0037_0040_0048_0048.jpg 1 37 40 48 48
0999_0020_0006_0042_0042.jpg 1 20 6 42 42
1000_0014_0030_0039_0039.jpg 1 14 30 39 39
1001_0037_0024_0050_0050.jpg 1 37 24 50 50
1002_0013_0028_0035_0035.jpg 1 13 28 35 35
1003_0024_0025_0063_0063.jpg 1 24 25 63 63
1004_0013_0043_0024_0024.jpg 1 13 43 24 24
1005_0023_0008_0054_0054.jpg 1 23 8 54 54
1006_0028_0028_0042_0042.jpg 1 28 28 42 42
1007_0019_0025_0054_0054.jpg 1 19 25 54 54
1008_0028_0019_0034_0034.jpg 1 28 19 34 34
1009_0051_0047_0024_0024.jpg 1 51 47 24 24
1010_0019_0011_0036_0036.jpg 1 19 11 36 36
1011_0023_0015_0058_0058.jpg 1 23 15 58 58
1012_0045_0054_0030_0030.jpg 1 45 54 30 30
1013_0008_0010_0060_0060.jpg 1 8 10 60 60
1014_0022_0021_0043_0043.jpg 1 22 21 43 43
1015_0024_0026_0032_0032.jpg 1 24 26 32 32
1016_0034_0022_0049_0049.jpg 1 34 22 49 49
1017_0018_0014_0050_0050.jpg 1 18 14 50 50
1018_0025_0025_0054_0054.jpg 1 25 25 54 54
1019_0006_0025_0053_0053.jpg 1 6 25 53 53
1020_0034_0050_0035_0035.jpg 1 34 50 35 35
1021_0020_0035_0047_0047.jpg 1 20 35 47 47
1022_0033_0033_0046_0046.jpg 1 33 33 46 46
1023_0022_0014_0047_0047.jpg 1 22 14 47 47
1024_0055_0033_0029_0029.jpg 1 55 33 29 29
1025_0014_0012_0067_0067.jpg 1 14 12 67 67
1026_0028_0012_0031_0031.jpg 1 28 12 31 31
1027_0028_0014_0039_0039.jpg 1 28 14 39 39
1028_0007_0020_0068_0068.jpg 1 7 20 68 68
1029_0011_0010_0063_0063.jpg 1 11 10 63 63
1030_0022_0055_0024_0024.jpg 1 22 55 24 24
1031_0005_0021_0046_0046.jpg 1 5 21 46 46
1032_0014_0032_0046_0046.jpg 1 14 32 46 46
1033_0028_0026_0051_0051.jpg 1 28 26 51 51
1034_0030_0008_0048_0048.jpg 1 30 8 48 48
1035_0017_0010_0031_0031.jpg 1 17 10 31 31
1036_0013_0018_0069_0069.jpg 1 13 18 69 69
1037_0042_0024_0028_0028.jpg 1 42 24 28 28
1038_0011_0017_0024_0024.jpg 1 11 17 24 24
1039_0013_0005_0064_0064.jpg 1 13 5 64 64
1040_0009_0015_0052_0052.jpg 1 9 15 52 52
1041_0014_0011_0065_0065.jpg 1 14 11 65 65
1042_0027_0041_0038_0038.jpg 1 27 41 38 38
1043_0028_0023_0058_0058.jpg 1 28 23 58 58
1044_0007_0037_0033_0033.jpg 1 7 37 33 33
1045_0016_0043_0035_0035.jpg 1 16 43 35 35
1046_0010_0022_0068_0068.jpg 1 10 22 68 68
1047_0017_0007_0065_0065.jpg 1 17 7 65 65
1048_0008_0028_0048_0048.jpg 1 8 28 48 48
1049_0054_0043_0029_0029.jpg 1 54 43 29 29
1050_0009_0009_0028_0028.jpg 1 9 9 28 28
1051_0040_0016_0047_0047.jpg 1 40 16 47 47
1052_0033_0026_0053_0053.jpg 1 33 26 53 53
1053_0009_0036_0028_0028.jpg 1 9 36 28 28
1054_0031_0029_0030_0030.jpg 1 31 29 30 30
1055_0012_0016_0065_0065.jpg 1 12 16 65 65
1056_0019_0014_0039_0039.jpg 1 19 14 39 39
1057_0007_0054_0024_0024.jpg 1 7 54 24 24
1058_0028_0045_0037_0037.jpg 1 28 45 37 37
1059_0015_0015_0063_0063.jpg 1 15 15 63 63
1060_0029_0036_0039_0039.jpg 1 29 36 39 39
1061_0032_0026_0027_0027.jpg 1 32 26 27 27
1062_0017_0047_0024_0024.jpg 1 17 47 24 24
1063_0023_0032_0053_0053.jpg 1 23 32 53 53
1064_0027_0009_0049_0049.jpg 1 27 9 49 49
1065_0030_0028_0049_0049.jpg 1 30 28 49 49
1066_0023_0011_0049_0049.jpg 1 23 11 49 49
1067_0018_0023_0068_0068.jpg 1 18 23 68 68
1068_0023_0035_0036_0036.jpg 1 23 35 36 36
1069_0008_0036_0044_0044.jpg 1 8 36 44 44
1070_0006_0017_0057_0057.jpg 1 6 17 57 57
1071_0032_0020_0047_0047.jpg 1 32 20 47 47
1072_0020_0019_0069_0069.jpg 1 20 19 69 69
1073_0022_0006_0069_0069.jpg 1 22 6 69 69
1074_0025_0037_0026_0026.jpg 1 25 37 26 26
1075_0012_0024_0059_0059.jpg 1 12 24 59 59
1076_0045_0026_0028_0028.jpg 1 45 26 28 28
1077_0035_0029_0040_0040.jpg 1 35 29 40 40
1078_0012_0016_0050_0050.jpg 1 12 16 50 50
1079_0009_0009_0045_0045.jpg 1 9 9 45 45
1080_0024_0044_0033_0033.jpg 1 24 44 33 33
1081_0023_0018_0059_0059.jpg 1 23 18 59 59
1082_0018_0016_0047_0047.jpg 1 18 16 47 47
1083_0006_0012_0069_0069.jpg 1 6 12 69 69
1084_0037_0030_0042_0042.jpg 1 37 30 42 42
1085_0041_0036_0033_0033.jpg 1 41 36 33 33
1086_0015_0009_0034_0034.jpg 1 15 9 34 34
1087_0017_0014_0059_0059.jpg 1 17 14 59 59
1088_0031_0038_0050_0050.jpg 1 31 38 50 50
1089_0028_0004_0061_0061.jpg 1 28 4 61 61
1090_0028_0019_0063_0063.jpg 1 28 19 63 63
1091_0010_0024_0065_0065.jpg 1 10 24 65 65
1092_0020_0008_0060_0060.jpg 1 20 8 60 60
1093_0007_0019_0068_0068.jpg 1 7 19 68 68
1094_0009_0017_0057_0057.jpg 1 9 17 57 57
1095_0045_0040_0031_0031.jpg 1 45 40 31 31
1096_0010_0031_0060_0060.jpg 1 10 31 60 60
1097_0019_0010_0064_0064.jpg 1 19 10 64 64
1098_0038_0033_0049_0049.jpg 1 38 33 49 49
1099_0022_0023_0056_0056.jpg 1 22 23 56 56
1100_0018_0026_0049_0049.jpg 1 18 26 49 49
1101_0010_0025_0059_0059.jpg 1 10 25 59 59
1102_0031_0034_0038_0038.jpg 1 31 34 38 38
1103_0028_0007_0052_0052.jpg 1 28 7 52 52
1104_0051_0046_0034_0034.jpg 1 51 46 34 34
1105_0043_0025_0045_0045.jpg 1 43 25 45 45
1106_0032_0045_0037_0037.jpg 1 32 45 37 37
1107_0021_0013_0044_0044.jpg 1 21 13 44 44
1108_0004_0015_0066_0066.jpg 1 4 15 66 66
1109_0041_0053_0027_0027.jpg 1 41 53 27 27
1110_0017_0024_0062_0062.jpg 1 17 24 62 62
1111_0018_0007_0032_0032.jpg 1 18 7 32 32
1112_0034_0032_0042_0042.jpg 1 34 32 42 42
1113_0032_0016_0044_0044.jpg 1 32 16 44 44
1114_0020_0026_0048_0048.jpg 1 20 26 48 48
1115_0019_0039_0028_0028.jpg 1 19 39 28 28
1116_0017_0026_0057_0057.jpg 1 17 26 57 57
1117_0021_0018_0063_0063.jpg 1 21 18 63 63
1118_0012_0018_0038_0038.jpg 1 12 18 38 38
1119_0039_0039_0043_0043.jpg 1 39 39 43 43
1120_0022_0019_0065_0065.jpg 1 22 19 65 65
1121_0021_0023_0040_0040.jpg 1 21 23 40 40
1122_0037_0028_0030_0030.jpg 1 37 28 30 30
1123_0018_0022_0067_0067.jpg 1 18 22 67 67
1124_0007_0023_0034_0034.jpg 1 7 23 34 34
1125_0021_0017_0046_0046.jpg 1 21 17 46 46
1126_0008_0020_0069_0069.jpg 1 8 20 69 69
1127_0009_0008_0057_0057.jpg 1 9 8 57 57
1128_0020_0026_0029_0029.jpg 1 20 26 29 29
1129_0022_0013_0035_0035.jpg 1 22 13 35 35
1130_0034_0032_0048_0048.jpg 1 34 32 48 48
1131_0015_0008_0054_0054.jpg 1 15 8 54 54
1132_0010_0034_0046_0046.jpg 1 10 34 46 46
1133_0033_0034_0037_0037.jpg 1 33 34 37 37
1134_0032_0016_0025_0025.jpg 1 32 16 25 25
1135_0025_0025_0034_0034.jpg 1 25 25 34 34
1136_0025_0027_0048_0048.jpg 1 25 27 48 48
1137_0012_0018_0037_0037.jpg 1 12 18 37 37
1138_0029_0017_0031_0031.jpg 1 29 17 31 31
1139_0044_0026_0044_0044.jpg 1 44 26 44 44
1140_0011_0029_0063_0063.jpg 1 11 29 63 63
1141_0017_0021_0061_0061.jpg 1 17 21 61 61
1142_0051_0017_0034_0034.jpg 1 51 17 34 34
1143_0008_0040_0027_0027.jpg 1 8 40 27 27
1144_0004_0028_0059_0059.jpg 1 4 28 59 59
1145_0008_0030_0060_0060.jpg 1 8 30 60 60
1146_0013_0016_0063_0063.jpg 1 13 16 63 63
1147_0023_0004_0069_0069.jpg 1 23 4 69 69
1148_0036_0048_0035_0035.jpg 1 36 48 35 35
1149_0048_0012_0034_0034.jpg 1 48 12 34 34
1150_0013_0011_0052_0052.jpg 1 13 11 52 52
1151_0034_0030_0054_0054.jpg 1 34 30 54 54
1152_0024_0043_0034_0034.jpg 1 24 43 34 34
1153_0007_0046_0037_0037.jpg 1 7 46 37 37
1154_0026_0016_0025_0025.jpg 1 26 16 25 25
1155_0012_0044_0044_0044.jpg 1 12 44 44 44
1156_0033_0023_0055_0055.jpg 1 33 23 55 55
1157_0013_0009_0065_0065.jpg 1 13 9 65 65
1158_0013_0018_0059_0059.jpg 1 13 18 59 59
1159_0024_0031_0041_0041.jpg 1 24 31 41 41
1160_0004_0010_0068_0068.jpg 1 4 10 68 68
1161_0006_0034_0047_0047.jpg 1 6 34 47 47
1162_0028_0026_0050_0050.jpg 1 28 26 50 50
1163_0045_0028_0041_0041.jpg 1 45 28 41 41
1164_0007_0051_0030_0030.jpg 1 7 51 30 30
1165_0008_0027_0038_0038.jpg 1 8 27 38 38
1166_0018_0007_0061_0061.jpg 1 18 7 61 61
1167_0029_0029_0047_0047.jpg 1 29 29 47 47
1168_0023_0014_0046_0046.jpg 1 23 14 46 46
1169_0017_0039_0033_0033.jpg 1 17 39 33 33
1170_0017_0028_0058_0058.jpg 1 17 28 58 58
1171_0017_0031_0039_0039.jpg 1 17 31 39 39
1172_0033_0026_0050_0050.jpg 1 33 26 50 50
1173_0055_0023_0026_0026.jpg 1 55 23 26 26
1174_0044_0036_0024_0024.jpg 1 44 36 24 24
1175_0017_0021_0026_0026.jpg 1 17 21 26 26
1176_0022_0029_0040_0040.jpg 1 22 29 40 40
1177_0038_0039_0050_0050.jpg 1 38 39 50 50
1178_0014_0020_0054_0054.jpg 1 14 20 54 54
1179_0015_0008_0065_0065.jpg 1 15 8 65 65
1180_0008_0018_0049_0049.jpg 1 8 18 49 49
1181_0008_0010_0069_0069.jpg 1 8 10 69 69
1182_0007_0025_0050_0050.jpg 1 7 25 50 50
1183_0006_0014_0065_0065.jpg 1 6 14 65 65
1184_0007_0007_0067_0067.jpg 1 7 7 67 67
1185_0016_0019_0056_0056.jpg 1 16 19 56 56
1186_0017_0007_0068_0068.jpg 1 17 7 68 68
1187_0046_0028_0024_0024.jpg 1 46 28 24 24
1188_0011_0006_0053_0053.jpg 1 11 6 53 53
1189_0017_0005_0063_0063.jpg 1 17 5 63 63
1190_0030_0031_0053_0053.jpg 1 30 31 53 53
1191_0005_0022_0064_0064.jpg 1 5 22 64 64
1192_0006_0031_0040_0040.jpg 1 6 31 40 40
1193_0011_0029_0052_0052.jpg 1 11 29 52 52
1194_0029_0014_0037_0037.jpg 1 29 14 37 37
1195_0007_0008_0061_0061.jpg 1 7 8 61 61
1196_0052_0048_0029_0029.jpg 1 52 48 29 29
1197_0017_0037_0051_0051.jpg 1 17 37 51 51
1198_0031_0010_0043_0043.jpg 1 31 10 43 43
1199_0044_0041_0035_0035.jpg 1 44 41 35 35
1200_0028_0040_0038_0038.jpg 1 28 40 38 38
1201_0020_0017_0032_0032.jpg 1 20 17 32 32
1202_0030_0031_0060_0060.jpg 1 30 31 60 60
1203_0030_0022_0038_0038.jpg 1 30 22 38 38
1204_0021_0009_0047_0047.jpg 1 21 9 47 47
1205_0026_0008_0061_0061.jpg 1 26 8 61 61
1206_0058_0036_0024_0024.jpg 1 58 36 24 24
1207_0010_0034_0053_0053.jpg 1 10 34 53 53
1208_0016_0022_0032_0032.jpg 1 16 22 32 32
1209_0022_0016_0068_0068.jpg 1 22 16 68 68
1210_0013_0047_0036_0036.jpg 1 13 47 36 36
1211_0032_0019_0046_0046.jpg 1 32 19 46 46
1212_0010_0020_0059_0059.jpg 1 10 20 59 59
1213_0014_0012_0065_0065.jpg 1 14 12 65 65
1214_0039_0042_0034_0034.jpg 1 39 42 34 34
1215_0031_0047_0033_0033.jpg 1 31 47 33 33
1216_0006_0008_0067_0067.jpg 1 6 8 67 67
1217_0033_0043_0040_0040.jpg 1 33 43 40 40
1218_0050_0056_0027_0027.jpg 1 50 56 27 27
1219_0010_0008_0025_0025.jpg 1 10 8 25 25
1220_0025_0011_0029_0029.jpg 1 25 11 29 29
1221_0028_0019_0062_0062.jpg 1 28 19 62 62
1222_0030_0010_0047_0047.jpg 1 30 10 47 47
1223_0011_0024_0032_0032.jpg 1 11 24 32 32
1224_0029_0023_0059_0059.jpg 1 29 23 59 59
1225_0007_0033_0056_0056.jpg 1 7 33 56 56
1226_0035_0023_0048_0048.jpg 1 35 23 48 48
1227_0036_0050_0036_0036.jpg 1 36 50 36 36
1228_0047_0022_0025_0025.jpg 1 47 22 25 25
1229_0027_0036_0046_0046.jpg 1 27 36 46 46
1230_0054_0042_0027_0027.jpg 1 54 42 27 27
1231_0011_0012_0043_0043.jpg 1 11 12 43 43
1232_0009_0027_0058_0058.jpg 1 9 27 58 58
1233_0008_0010_0041_0041.jpg 1 8 10 41 41
1234_0046_0036_0037_0037.jpg 1 46 36 37 37
1235_0013_0028_0042_0042.jpg 1 13 28 42 42
1236_0039_0019_0043_0043.jpg 1 39 19 43 43
1237_0010_0019_0057_0057.jpg 1 10 19 57 57
1238_0028_0030_0030_0030.jpg 1 28 30 30 30
1239_0007_0004_0062_0062.jpg 1 7 4 62 62
1240_0044_0018_0042_0042.jpg 1 44 18 42 42
1241_0020_0021_0046_0046.jpg 1 20 21 46 46
1242_0013_0031_0057_0057.jpg 1 13 31 57 57
1243_0016_0025_0053_0053.jpg 1 16 25 53 53
1244_0006_0027_0064_0064.jpg 1 6 27 64 64
1245_0032_0009_0044_0044.jpg 1 32 9 44 44
1246_0010_0015_0052_0052.jpg 1 10 15 52 52
1247_0023_0019_0053_0053.jpg 1 23 19 53 53
1248_0005_0007_0058_0058.jpg 1 5 7 58 58
1249_0020_0008_0042_0042.jpg 1 20 8 42 42
1250_0054_0050_0024_0024.jpg 1 54 50 24 24
1251_0045_0020_0033_0033.jpg 1 45 20 33 33
1252_0023_0025_0059_0059.jpg 1 23 25 59 59
1253_0014_0003_0062_0062.jpg 1 14 3 62 62
1254_0041_0032_0046_0046.jpg 1 41 32 46 46
1255_0021_0021_0048_0048.jpg 1 21 21 48 48
1256_0027_0011_0053_0053.jpg 1 27 11 53 53
1257_0017_0006_0052_0052.jpg 1 17 6 52 52
1258_0024_0032_0039_0039.jpg 1 24 32 39 39
1259_0020_0032_0057_0057.jpg 1 20 32 57 57
1260_0049_0012_0035_0035.jpg 1 49 12 35 35
1261_0026_0007_0061_0061.jpg 1 26 7 61 61
1262_0020_0040_0046_0046.jpg 1 20 40 46 46
1263_0016_0007_0069_0069.jpg 1 16 7 69 69
1264_0021_0013_0048_0048.jpg 1 21 13 48 48
1265_0025_0011_0061_0061.jpg 1 25 11 61 61
1266_0031_0010_0055_0055.jpg 1 31 10 55 55
1267_0027_0014_0031_0031.jpg 1 27 14 31 31
1268_0028_0035_0045_0045.jpg 1 28 35 45 45
1269_0013_0024_0068_0068.jpg 1 13 24 68 68
1270_0034_0027_0051_0051.jpg 1 34 27 51 51
1271_0028_0032_0035_0035.jpg 1 28 32 35 35
1272_0035_0024_0046_0046.jpg 1 35 24 46 46
1273_0024_0021_0065_0065.jpg 1 24 21 65 65
1274_0036_0042_0040_0040.jpg 1 36 42 40 40
1275_0008_0019_0037_0037.jpg 1 8 19 37 37
1276_0007_0013_0061_0061.jpg 1 7 13 61 61
1277_0012_0007_0052_0052.jpg 1 12 7 52 52
1278_0021_0039_0035_0035.jpg 1 21 39 35 35
1279_0027_0005_0055_0055.jpg 1 27 5 55 55
1280_0009_0031_0030_0030.jpg 1 9 31 30 30
1281_0004_0022_0067_0067.jpg 1 4 22 67 67
1282_0026_0040_0036_0036.jpg 1 26 40 36 36
1283_0045_0031_0040_0040.jpg 1 45 31 40 40
1284_0026_0007_0044_0044.jpg 1 26 7 44 44
1285_0035_0026_0040_0040.jpg 1 35 26 40 40
1286_0024_0005_0068_0068.jpg 1 24 5 68 68
1287_0006_0008_0059_0059.jpg 1 6 8 59 59
1288_0011_0012_0069_0069.jpg 1 11 12 69 69
1289_0019_0005_0051_0051.jpg 1 19 5 51 51
1290_0008_0012_0056_0056.jpg 1 8 12 56 56
1291_0024_0019_0052_0052.jpg 1 24 19 52 52
1292_0039_0046_0034_0034.jpg 1 39 46 34 34
1293_0032_0022_0052_0052.jpg 1 32 22 52 52
1294_0037_0027_0051_0051.jpg 1 37 27 51 51
1295_0007_0019_0069_0069.jpg 1 7 19 69 69
1296_0021_0027_0043_0043.jpg 1 21 27 43 43
1297_0022_0047_0033_0033.jpg 1 22 47 33 33
1298_0006_0042_0046_0046.jpg 1 6 42 46 46
1299_0037_0015_0033_0033.jpg 1 37 15 33 33
1300_0022_0052_0031_0031.jpg 1 22 52 31 31
1301_0009_0028_0060_0060.jpg 1 9 28 60 60
1302_0048_0018_0032_0032.jpg 1 48 18 32 32
1303_0009_0011_0025_0025.jpg 1 9 11 25 25
1304_0008_0017_0065_0065.jpg 1 8 17 65 65
1305_0023_0020_0069_0069.jpg 1 23 20 69 69
1306_0011_0013_0063_0063.jpg 1 11 13 63 63
1307_0017_0026_0037_0037.jpg 1 17 26 37 37
1308_0031_0039_0031_0031.jpg 1 31 39 31 31
1309_0031_0015_0053_0053.jpg 1 31 15 53 53
1310_0019_0011_0056_0056.jpg 1 19 11 56 56
1311_0013_0013_0069_0069.jpg 1 13 13 69 69
1312_0033_0008_0052_0052.jpg 1 33 8 52 52
1313_0004_0024_0059_0059.jpg 1 4 24 59 59
1314_0017_0013_0064_0064.jpg 1 17 13 64 64
1315_0018_0019_0057_0057.jpg 1 18 19 57 57
1316_0013_0045_0042_0042.jpg 1 13 45 42 42
1317_0017_0005_0059_0059.jpg 1 17 5 59 59
1318_0034_0019_0042_0042.jpg 1 34 19 42 42
1319_0018_0028_0030_0030.jpg 1 18 28 30 30
1320_0034_0051_0032_0032.jpg 1 34 51 32 32
1321_0037_0027_0025_0025.jpg 1 37 27 25 25
1322_0040_0034_0044_0044.jpg 1 40 34 44 44
1323_0034_0015_0056_0056.jpg 1 34 15 56 56
1324_0038_0033_0046_0046.jpg 1 38 33 46 46
1325_0024_0013_0045_0045.jpg 1 24 13 45 45
1326_0034_0010_0039_0039.jpg 1 34 10 39 39
1327_0021_0007_0034_0034.jpg 1 21 7 34 34
1328_0024_0042_0040_0040.jpg 1 24 42 40 40
1329_0016_0017_0038_0038.jpg 1 16 17 38 38
1330_0030_0014_0047_0047.jpg 1 30 14 47 47
1331_0025_0027_0054_0054.jpg 1 25 27 54 54
1332_0024_0036_0042_0042.jpg 1 24 36 42 42
1333_0036_0035_0043_0043.jpg 1 36 35 43 43
1334_0021_0023_0063_0063.jpg 1 21 23 63 63
1335_0014_0010_0065_0065.jpg 1 14 10 65 65
1336_0019_0006_0036_0036.jpg 1 19 6 36 36
1337_0026_0031_0029_0029.jpg 1 26 31 29 29
1338_0046_0025_0036_0036.jpg 1 46 25 36 36
1339_0008_0043_0038_0038.jpg 1 8 43 38 38
1340_0053_0028_0028_0028.jpg 1 53 28 28 28
1341_0022_0026_0041_0041.jpg 1 22 26 41 41
1342_0028_0036_0027_0027.jpg 1 28 36 27 27
1343_0032_0008_0026_0026.jpg 1 32 8 26 26
1344_0017_0028_0033_0033.jpg 1 17 28 33 33
1345_0022_0009_0069_0069.jpg 1 22 9 69 69
1346_0047_0013_0027_0027.jpg 1 47 13 27 27
1347_0006_0031_0059_0059.jpg 1 6 31 59 59
1348_0005_0005_0067_0067.jpg 1 5 5 67 67
1349_0021_0031_0059_0059.jpg 1 21 31 59 59
1350_0021_0046_0024_0024.jpg 1 21 46 24 24
1351_0029_0011_0024_0024.jpg 1 29 11 24 24
1352_0017_0035_0052_0052.jpg 1 17 35 52 52
1353_0009_0026_0047_0047.jpg 1 9 26 47 47
1354_0018_0041_0032_0032.jpg 1 18 41 32 32
1355_0015_0031_0037_0037.jpg 1 15 31 37 37
1356_0012_0047_0037_0037.jpg 1 12 47 37 37
1357_0016_0039_0046_0046.jpg 1 16 39 46 46
1358_0033_0005_0046_0046.jpg 1 33 5 46 46
1359_0025_0008_0064_0064.jpg 1 25 8 64 64
1360_0010_0026_0058_0058.jpg 1 10 26 58 58
1361_0006_0029_0049_0049.jpg 1 6 29 49 49
1362_0017_0024_0045_0045.jpg 1 17 24 45 45
1363_0005_0023_0062_0062.jpg 1 5 23 62 62
1364_0009_0021_0058_0058.jpg 1 9 21 58 58
1365_0027_0008_0057_0057.jpg 1 27 8 57 57
1366_0008_0026_0057_0057.jpg 1 8 26 57 57
1367_0023_0022_0051_0051.jpg 1 23 22 51 51
1368_0023_0029_0041_0041.jpg 1 23 29 41 41
1369_0025_0021_0026_0026.jpg 1 25 21 26 26
1370_0026_0004_0059_0059.jpg 1 26 4 59 59
1371_0008_0024_0065_0065.jpg 1 8 24 65 65
1372_0006_0019_0067_0067.jpg 1 6 19 67 67
1373_0028_0007_0039_0039.jpg 1 28 7 39 39
1374_0006_0011_0064_0064.jpg 1 6 11 64 64
1375_0025_0032_0028_0028.jpg 1 25 32 28 28
1376_0020_0040_0044_0044.jpg 1 20 40 44 44
1377_0025_0014_0041_0041.jpg 1 25 14 41 41
1378_0021_0033_0051_0051.jpg 1 21 33 51 51
1379_0031_0033_0047_0047.jpg 1 31 33 47 47
1380_0034_0031_0027_0027.jpg 1 34 31 27 27
1381_0013_0025_0052_0052.jpg 1 13 25 52 52
1382_0033_0021_0039_0039.jpg 1 33 21 39 39
1383_0015_0007_0049_0049.jpg 1 15 7 49 49
1384_0004_0026_0065_0065.jpg 1 4 26 65 65
1385_0023_0031_0059_0059.jpg 1 23 31 59 59
1386_0029_0046_0037_0037.jpg 1 29 46 37 37
1387_0030_0047_0034_0034.jpg 1 30 47 34 34
1388_0017_0008_0051_0051.jpg 1 17 8 51 51
1389_0031_0041_0026_0026.jpg 1 31 41 26 26
1390_0023_0027_0047_0047.jpg 1 23 27 47 47
1391_0024_0017_0059_0059.jpg 1 24 17 59 59
1392_0007_0003_0064_0064.jpg 1 7 3 64 64
1393_0031_0018_0029_0029.jpg 1 31 18 29 29
1394_0044_0039_0034_0034.jpg 1 44 39 34 34
1395_0011_0033_0029_0029.jpg 1 11 33 29 29
1396_0017_0024_0068_0068.jpg 1 17 24 68 68
1397_0034_0019_0051_0051.jpg 1 34 19 51 51
1398_0022_0014_0065_0065.jpg 1 22 14 65 65
1399_0006_0013_0067_0067.jpg 1 6 13 67 67
1400_0045_0034_0031_0031.jpg 1 45 34 31 31
1401_0004_0012_0061_0061.jpg 1 4 12 61 61
1402_0013_0039_0041_0041.jpg 1 13 39 41 41
1403_0006_0041_0041_0041.jpg 1 6 41 41 41
1404_0045_0038_0036_0036.jpg 1 45 38 36 36
1405_0006_0017_0035_0035.jpg 1 6 17 35 35
1406_0045_0049_0030_0030.jpg 1 45 49 30 30
1407_0027_0008_0053_0053.jpg 1 27 8 53 53
1408_0014_0012_0047_0047.jpg 1 14 12 47 47
1409_0031_0027_0056_0056.jpg 1 31 27 56 56
1410_0008_0012_0024_0024.jpg 1 8 12 24 24
1411_0018_0031_0052_0052.jpg 1 18 31 52 52
1412_0007_0033_0049_0049.jpg 1 7 33 49 49
1413_0028_0020_0032_0032.jpg 1 28 20 32 32
1414_0034_0012_0046_0046.jpg 1 34 12 46 46
1415_0005_0003_0067_0067.jpg 1 5 3 67 67
1416_0013_0052_0024_0024.jpg 1 13 52 24 24
1417_0009_0019_0065_0065.jpg 1 9 19 65 65
1418_0014_0017_0042_0042.jpg 1 14 17 42 42
1419_0031_0031_0058_0058.jpg 1 31 31 58 58
1420_0020_0025_0043_0043.jpg 1 20 25 43 43
1421_0021_0017_0058_0058.jpg 1 21 17 58 58
1422_0014_0026_0055_0055.jpg 1 14 26 55 55
1423_0025_0016_0045_0045.jpg 1 25 16 45 45
1424_0007_0022_0068_0068.jpg 1 7 22 68 68
1425_0008_0032_0048_0048.jpg 1 8 32 48 48
1426_0036_0033_0052_0052.jpg 1 36 33 52 52
1427_0019_0042_0024_0024.jpg 1 19 42 24 24
1428_0007_0023_0067_0067.jpg 1 7 23 67 67
1429_0039_0010_0048_0048.jpg 1 39 10 48 48
1430_0016_0030_0051_0051.jpg 1 16 30 51 51
1431_0017_0009_0066_0066.jpg 1 17 9 66 66
1432_0044_0019_0042_0042.jpg 1 44 19 42 42
1433_0022_0046_0025_0025.jpg 1 22 46 25 25
1434_0014_0024_0046_0046.jpg 1 14 24 46 46
1435_0008_0014_0069_0069.jpg 1 8 14 69 69
1436_0023_0005_0056_0056.jpg 1 23 5 56 56
1437_0013_0015_0069_0069.jpg 1 13 15 69 69
1438_0018_0016_0033_0033.jpg 1 18 16 33 33
1439_0016_0019_0048_0048.jpg 1 16 19 48 48
1440_0033_0050_0037_0037.jpg 1 33 50 37 37
1441_0013_0024_0042_0042.jpg 1 13 24 42 42
1442_0030_0038_0040_0040.jpg 1 30 38 40 40
1443_0012_0024_0057_0057.jpg 1 12 24 57 57
1444_0040_0042_0035_0035.jpg 1 40 42 35 35
1445_0053_0009_0025_0025.jpg 1 53 9 25 25
1446_0024_0042_0038_0038.jpg 1 24 42 38 38
1447_0051_0038_0034_0034.jpg 1 51 38 34 34
1448_0036_0056_0027_0027.jpg 1 36 56 27 27
1449_0014_0017_0041_0041.jpg 1 14 17 41 41
1450_0005_0021_0056_0056.jpg 1 5 21 56 56
1451_0041_0037_0026_0026.jpg 1 41 37 26 26
1452_0041_0011_0043_0043.jpg 1 41 11 43 43
1453_0030_0036_0036_0036.jpg 1 30 36 36 36
1454_0023_0014_0062_0062.jpg 1 23 14 62 62
1455_0022_0029_0040_0040.jpg 1 22 29 40 40
1456_0034_0020_0055_0055.jpg 1 34 20 55 55
1457_0041_0014_0029_0029.jpg 1 41 14 29 29
1458_0024_0021_0042_0042.jpg 1 24 21 42 42
1459_0013_0030_0040_0040.jpg 1 13 30 40 40
1460_0009_0022_0049_0049.jpg 1 9 22 49 49
1461_0018_0013_0060_0060.jpg 1 18 13 60 60
1462_0021_0025_0062_0062.jpg 1 21 25 62 62
1463_0009_0020_0046_0046.jpg 1 9 20 46 46
1464_0019_0023_0047_0047.jpg 1 19 23 47 47
1465_0016_0050_0029_0029.jpg 1 16 50 29 29
1466_0022_0020_0028_0028.jpg 1 22 20 28 28
1467_0019_0029_0052_0052.jpg 1 19 29 52 52
1468_0038_0033_0045_0045.jpg 1 38 33 45 45
1469_0021_0019_0066_0066.jpg 1 21 19 66 66
1470_0021_0027_0031_0031.jpg 1 21 27 31 31
1471_0016_0019_0058_0058.jpg 1 16 19 58 58
1472_0027_0014_0035_0035.jpg 1 27 14 35 35
1473_0024_0004_0060_0060.jpg 1 24 4 60 60
1474_0010_0036_0033_0033.jpg 1 10 36 33 33
1475_0016_0027_0050_0050.jpg 1 16 27 50 50
1476_0026_0011_0036_0036.jpg 1 26 11 36 36
1477_0032_0018_0036_0036.jpg 1 32 18 36 36
1478_0049_0048_0037_0037.jpg 1 49 48 37 37
1479_0013_0026_0043_0043.jpg 1 13 26 43 43
1480_0020_0009_0045_0045.jpg 1 20 9 45 45
1481_0023_0008_0042_0042.jpg 1 23 8 42 42
1482_0017_0026_0061_0061.jpg 1 17 26 61 61
1483_0051_0058_0024_0024.jpg 1 51 58 24 24
1484_0034_0015_0053_0053.jpg 1 34 15 53 53
1485_0051_0038_0027_0027.jpg 1 51 38 27 27
1486_0013_0007_0031_0031.jpg 1 13 7 31 31
1487_0022_0011_0027_0027.jpg 1 22 11 27 27
1488_0006_0016_0058_0058.jpg 1 6 16 58 58
1489_0010_0044_0033_0033.jpg 1 10 44 33 33
1490_0040_0030_0035_0035.jpg 1 40 30 35 35
1491_0033_0038_0044_0044.jpg 1 33 38 44 44
1492_0022_0012_0045_0045.jpg 1 22 12 45 45
1493_0009_0009_0038_0038.jpg 1 9 9 38 38
1494_0012_0038_0040_0040.jpg 1 12 38 40 40
1495_0010_0008_0056_0056.jpg 1 10 8 56 56
1496_0013_0028_0053_0053.jpg 1 13 28 53 53
1497_0026_0024_0066_0066.jpg 1 26 24 66 66
1498_0017_0024_0063_0063.jpg 1 17 24 63 63
1499_0010_0005_0059_0059.jpg 1 10 5 59 59
1500_0008_0037_0026_0026.jpg 1 8 37 26 26
1501_0008_0024_0039_0039.jpg 1 8 24 39 39
1502_0004_0021_0063_0063.jpg 1 4 21 63 63
1503_0026_0032_0052_0052.jpg 1 26 32 52 52
1504_0008_0028_0029_0029.jpg 1 8 28 29 29
1505_0021_0011_0062_0062.jpg 1 21 11 62 62
1506_0011_0014_0066_0066.jpg 1 11 14 66 66
1507_0014_0026_0046_0046.jpg 1 14 26 46 46
1508_0030_0031_0050_0050.jpg 1 30 31 50 50
1509_0042_0048_0031_0031.jpg 1 42 48 31 31
1510_0030_0044_0031_0031.jpg 1 30 44 31 31
1511_0015_0040_0048_0048.jpg 1 15 40 48 48
1512_0056_0037_0026_0026.jpg 1 56 37 26 26
1513_0041_0011_0047_0047.jpg 1 41 11 47 47
1514_0012_0013_0064_0064.jpg 1 12 13 64 64
1515_0049_0011_0032_0032.jpg 1 49 11 32 32
1516_0032_0055_0028_0028.jpg 1 32 55 28 28
1517_0026_0025_0055_0055.jpg 1 26 25 55 55
1518_0021_0006_0064_0064.jpg 1 21 6 64 64
1519_0009_0015_0061_0061.jpg 1 9 15 61 61
1520_0021_0007_0068_0068.jpg 1 21 7 68 68
1521_0016_0043_0030_0030.jpg 1 16 43 30 30
1522_0021_0012_0061_0061.jpg 1 21 12 61 61
1523_0005_0035_0054_0054.jpg 1 5 35 54 54
1524_0025_0023_0064_0064.jpg 1 25 23 64 64
1525_0032_0034_0027_0027.jpg 1 32 34 27 27
1526_0012_0018_0033_0033.jpg 1 12 18 33 33
1527_0016_0016_0040_0040.jpg 1 16 16 40 40
1528_0007_0010_0059_0059.jpg 1 7 10 59 59
1529_0025_0016_0033_0033.jpg 1 25 16 33 33
1530_0005_0023_0062_0062.jpg 1 5 23 62 62
1531_0011_0035_0027_0027.jpg 1 11 35 27 27
1532_0025_0024_0030_0030.jpg 1 25 24 30 30
1533_0014_0037_0044_0044.jpg 1 14 37 44 44
1534_0017_0009_0027_0027.jpg 1 17 9 27 27
1535_0009_0048_0039_0039.jpg 1 9 48 39 39
1536_0021_0027_0036_0036.jpg 1 21 27 36 36
1537_0053_0035_0025_0025.jpg 1 53 35 25 25
1538_0029_0015_0051_0051.jpg 1 29 15 51 51
1539_0039_0033_0044_0044.jpg 1 39 33 44 44
1540_0021_0024_0032_0032.jpg 1 21 24 32 32
1541_0023_0044_0026_0026.jpg 1 23 44 26 26
1542_0011_0017_0047_0047.jpg 1 11 17 47 47
1543_0016_0031_0028_0028.jpg 1 16 31 28 28
1544_0009_0022_0060_0060.jpg 1 9 22 60 60
1545_0009_0017_0062_0062.jpg 1 9 17 62 62
1546_0030_0031_0036_0036.jpg 1 30 31 36 36
1547_0021_0021_0064_0064.jpg 1 21 21 64 64
1548_0044_0056_0029_0029.jpg 1 44 56 29 29
1549_0017_0008_0064_0064.jpg 1 17 8 64 64
1550_0010_0046_0027_0027.jpg 1 10 46 27 27
1551_0007_0036_0044_0044.jpg 1 7 36 44 44
1552_0008_0022_0051_0051.jpg 1 8 22 51 51
1553_0033_0012_0057_0057.jpg 1 33 12 57 57
1554_0009_0036_0049_0049.jpg 1 9 36 49 49
1555_0038_0011_0046_0046.jpg 1 38 11 46 46
1556_0011_0012_0031_0031.jpg 1 11 12 31 31
1557_0008_0018_0050_0050.jpg 1 8 18 50 50
1558_0040_0035_0031_0031.jpg 1 40 35 31 31
1559_0027_0015_0026_0026.jpg 1 27 15 26 26
1560_0026_0012_0066_0066.jpg 1 26 12 66 66
1561_0024_0016_0047_0047.jpg 1 24 16 47 47
1562_0013_0009_0067_0067.jpg 1 13 9 67 67
1563_0015_0007_0052_0052.jpg 1 15 7 52 52
1564_0025_0036_0041_0041.jpg 1 25 36 41 41
1565_0026_0026_0055_0055.jpg 1 26 26 55 55
1566_0029_0012_0040_0040.jpg 1 29 12 40 40
1567_0017_0041_0036_0036.jpg 1 17 41 36 36
1568_0024_0027_0058_0058.jpg 1 24 27 58 58
1569_0003_0006_0069_0069.jpg 1 3 6 69 69
1570_0021_0012_0060_0060.jpg 1 21 12 60 60
1571_0041_0040_0040_0040.jpg 1 41 40 40 40
1572_0019_0041_0035_0035.jpg 1 19 41 35 35
1573_0023_0027_0057_0057.jpg 1 23 27 57 57
1574_0046_0058_0024_0024.jpg 1 46 58 24 24
1575_0029_0029_0045_0045.jpg 1 29 29 45 45
1576_0019_0031_0038_0038.jpg 1 19 31 38 38
1577_0023_0032_0050_0050.jpg 1 23 32 50 50
1578_0031_0021_0059_0059.jpg 1 31 21 59 59
1579_0003_0006_0063_0063.jpg 1 3 6 63 63
1580_0046_0040_0042_0042.jpg 1 46 40 42 42
1581_0053_0015_0028_0028.jpg 1 53 15 28 28
1582_0022_0010_0066_0066.jpg 1 22 10 66 66
1583_0047_0045_0029_0029.jpg 1 47 45 29 29
1584_0030_0032_0059_0059.jpg 1 30 32 59 59
1585_0014_0027_0030_0030.jpg 1 14 27 30 30
1586_0005_0025_0049_0049.jpg 1 5 25 49 49
1587_0012_0005_0066_0066.jpg 1 12 5 66 66
1588_0011_0029_0024_0024.jpg 1 11 29 24 24
1589_0018_0013_0054_0054.jpg 1 18 13 54 54
1590_0048_0052_0026_0026.jpg 1 48 52 26 26
1591_0010_0058_0024_0024.jpg 1 10 58 24 24
1592_0030_0033_0048_0048.jpg 1 30 33 48 48
1593_0043_0032_0024_0024.jpg 1 43 32 24 24
1594_0024_0040_0046_0046.jpg 1 24 40 46 46
1595_0006_0039_0037_0037.jpg 1 6 39 37 37
1596_0019_0030_0048_0048.jpg 1 19 30 48 48
1597_0016_0014_0056_0056.jpg 1 16 14 56 56
1598_0017_0006_0068_0068.jpg 1 17 6 68 68
1599_0008_0021_0052_0052.jpg 1 8 21 52 52
1600_0041_0038_0046_0046.jpg 1 41 38 46 46
1601_0039_0040_0029_0029.jpg 1 39 40 29 29
1602_0027_0007_0053_0053.jpg 1 27 7 53 53
1603_0019_0027_0041_0041.jpg 1 19 27 41 41
1604_0036_0034_0026_0026.jpg 1 36 34 26 26
1605_0021_0018_0069_0069.jpg 1 21 18 69 69
1606_0019_0008_0064_0064.jpg 1 19 8 64 64
1607_0007_0019_0059_0059.jpg 1 7 19 59 59
1608_0036_0039_0035_0035.jpg 1 36 39 35 35
1609_0050_0034_0026_0026.jpg 1 50 34 26 26
1610_0019_0014_0059_0059.jpg 1 19 14 59 59
1611_0018_0021_0045_0045.jpg 1 18 21 45 45
1612_0004_0017_0056_0056.jpg 1 4 17 56 56
1613_0041_0023_0028_0028.jpg 1 41 23 28 28
1614_0009_0006_0044_0044.jpg 1 9 6 44 44
1615_0007_0016_0039_0039.jpg 1 7 16 39 39
1616_0040_0030_0033_0033.jpg 1 40 30 33 33
1617_0012_0009_0030_0030.jpg 1 12 9 30 30
1618_0023_0014_0061_0061.jpg 1 23 14 61 61
1619_0041_0013_0025_0025.jpg 1 41 13 25 25
1620_0017_0019_0034_0034.jpg 1 17 19 34 34
1621_0026_0009_0061_0061.jpg 1 26 9 61 61
1622_0034_0048_0032_0032.jpg 1 34 48 32 32
1623_0037_0032_0029_0029.jpg 1 37 32 29 29
1624_0045_0016_0026_0026.jpg 1 45 16 26 26
1625_0025_0010_0058_0058.jpg 1 25 10 58 58
1626_0051_0014_0034_0034.jpg 1 51 14 34 34
1627_0018_0005_0062_0062.jpg 1 18 5 62 62
1628_0034_0040_0035_0035.jpg 1 34 40 35 35
1629_0053_0036_0027_0027.jpg 1 53 36 27 27
1630_0053_0012_0027_0027.jpg 1 53 12 27 27
1631_0020_0009_0030_0030.jpg 1 20 9 30 30
1632_0040_0040_0040_0040.jpg 1 40 40 40 40
1633_0016_0022_0045_0045.jpg 1 16 22 45 45
1634_0037_0023_0046_0046.jpg 1 37 23 46 46
1635_0032_0040_0037_0037.jpg 1 32 40 37 37
1636_0010_0012_0066_0066.jpg 1 10 12 66 66
1637_0007_0006_0049_0049.jpg 1 7 6 49 49
1638_0012_0024_0061_0061.jpg 1 12 24 61 61
1639_0012_0005_0069_0069.jpg 1 12 5 69 69
1640_0004_0006_0068_0068.jpg 1 4 6 68 68
1641_0036_0024_0037_0037.jpg 1 36 24 37 37
1642_0007_0027_0064_0064.jpg 1 7 27 64 64
1643_0031_0030_0056_0056.jpg 1 31 30 56 56
1644_0014_0010_0046_0046.jpg 1 14 10 46 46
1645_0005_0018_0060_0060.jpg 1 5 18 60 60
1646_0015_0033_0029_0029.jpg 1 15 33 29 29
1647_0005_0022_0055_0055.jpg 1 5 22 55 55
1648_0004_0005_0066_0066.jpg 1 4 5 66 66
1649_0055_0013_0030_0030.jpg 1 55 13 30 30
1650_0039_0008_0046_0046.jpg 1 39 8 46 46
1651_0014_0049_0034_0034.jpg 1 14 49 34 34
1652_0052_0038_0026_0026.jpg 1 52 38 26 26
1653_0006_0004_0056_0056.jpg 1 6 4 56 56
1654_0042_0007_0038_0038.jpg 1 42 7 38 38
1655_0043_0040_0044_0044.jpg 1 43 40 44 44
1656_0032_0038_0026_0026.jpg 1 32 38 26 26
1657_0016_0018_0055_0055.jpg 1 16 18 55 55
1658_0012_0024_0058_0058.jpg 1 12 24 58 58
1659_0010_0014_0035_0035.jpg 1 10 14 35 35
1660_0005_0033_0052_0052.jpg 1 5 33 52 52
1661_0020_0007_0064_0064.jpg 1 20 7 64 64
1662_0024_0007_0052_0052.jpg 1 24 7 52 52
1663_0037_0036_0034_0034.jpg 1 37 36 34 34
1664_0025_0020_0065_0065.jpg 1 25 20 65 65
1665_0018_0011_0045_0045.jpg 1 18 11 45 45
1666_0004_0014_0064_0064.jpg 1 4 14 64 64
1667_0024_0015_0061_0061.jpg 1 24 15 61 61
1668_0012_0015_0066_0066.jpg 1 12 15 66 66
1669_0017_0039_0030_0030.jpg 1 17 39 30 30
1670_0044_0036_0031_0031.jpg 1 44 36 31 31
1671_0039_0022_0033_0033.jpg 1 39 22 33 33
1672_0039_0014_0041_0041.jpg 1 39 14 41 41
1673_0024_0049_0024_0024.jpg 1 24 49 24 24
1674_0031_0031_0024_0024.jpg 1 31 31 24 24
1675_0028_0021_0055_0055.jpg 1 28 21 55 55
1676_0038_0020_0050_0050.jpg 1 38 20 50 50
1677_0034_0014_0051_0051.jpg 1 34 14 51 51
1678_0047_0012_0034_0034.jpg 1 47 12 34 34
1679_0032_0039_0031_0031.jpg 1 32 39 31 31
1680_0016_0037_0046_0046.jpg 1 16 37 46 46
1681_0031_0035_0044_0044.jpg 1 31 35 44 44
1682_0043_0009_0039_0039.jpg 1 43 9 39 39
1683_0004_0007_0069_0069.jpg 1 4 7 69 69
1684_0025_0018_0065_0065.jpg 1 25 18 65 65
1685_0041_0022_0034_0034.jpg 1 41 22 34 34
1686_0017_0012_0038_0038.jpg 1 17 12 38 38
1687_0029_0006_0059_0059.jpg 1 29 6 59 59
1688_0036_0019_0047_0047.jpg 1 36 19 47 47
1689_0030_0017_0028_0028.jpg 1 30 17 28 28
1690_0031_0046_0034_0034.jpg 1 31 46 34 34
1691_0010_0030_0049_0049.jpg 1 10 30 49 49
1692_0011_0038_0038_0038.jpg 1 11 38 38 38
1693_0021_0021_0047_0047.jpg 1 21 21 47 47
1694_0017_0034_0028_0028.jpg 1 17 34 28 28
1695_0021_0007_0058_0058.jpg 1 21 7 58 58
1696_0028_0005_0053_0053.jpg 1 28 5 53 53
1697_0013_0027_0025_0025.jpg 1 13 27 25 25
1698_0008_0026_0047_0047.jpg 1 8 26 47 47
1699_0019_0022_0067_0067.jpg 1 19 22 67 67
1700_0022_0015_0058_0058.jpg 1 22 15 58 58
1701_0008_0022_0069_0069.jpg 1 8 22 69 69
1702_0019_0039_0037_0037.jpg 1 19 39 37 37
1703_0028_0046_0039_0039.jpg 1 28 46 39 39
1704_0028_0020_0059_0059.jpg 1 28 20 59 59
1705_0005_0034_0049_0049.jpg 1 5 34 49 49
1706_0016_0034_0047_0047.jpg 1 16 34 47 47
1707_0011_0004_0063_0063.jpg 1 11 4 63 63
1708_0013_0045_0026_0026.jpg 1 13 45 26 26
1709_0021_0029_0055_0055.jpg 1 21 29 55 55
1710_0035_0047_0033_0033.jpg 1 35 47 33 33
1711_0040_0038_0040_0040.jpg 1 40 38 40 40
1712_0048_0015_0033_0033.jpg 1 48 15 33 33
1713_0010_0033_0049_0049.jpg 1 10 33 49 49
1714_0044_0013_0031_0031.jpg 1 44 13 31 31
1715_0046_0013_0025_0025.jpg 1 46 13 25 25
1716_0018_0029_0059_0059.jpg 1 18 29 59 59
1717_0021_0031_0054_0054.jpg 1 21 31 54 54
1718_0007_0026_0063_0063.jpg 1 7 26 63 63
1719_0019_0028_0053_0053.jpg 1 19 28 53 53
1720_0015_0012_0069_0069.jpg 1 15 12 69 69
1721_0041_0025_0034_0034.jpg 1 41 25 34 34
1722_0003_0017_0065_0065.jpg 1 3 17 65 65
1723_0041_0058_0024_0024.jpg 1 41 58 24 24
1724_0019_0019_0058_0058.jpg 1 19 19 58 58
1725_0021_0007_0067_0067.jpg 1 21 7 67 67
1726_0021_0023_0063_0063.jpg 1 21 23 63 63
1727_0049_0038_0029_0029.jpg 1 49 38 29 29
1728_0017_0020_0061_0061.jpg 1 17 20 61 61
1729_0011_0021_0069_0069.jpg 1 11 21 69 69
1730_0015_0049_0032_0032.jpg 1 15 49 32 32
1731_0043_0029_0040_0040.jpg 1 43 29 40 40
1732_0037_0048_0033_0033.jpg 1 37 48 33 33
1733_0026_0018_0055_0055.jpg 1 26 18 55 55
1734_0022_0008_0054_0054.jpg 1 22 8 54 54
1735_0018_0014_0042_0042.jpg 1 18 14 42 42
1736_0006_0011_0058_0058.jpg 1 6 11 58 58
1737_0024_0034_0034_0034.jpg 1 24 34 34 34
1738_0024_0005_0067_0067.jpg 1 24 5 67 67
1739_0010_0008_0039_0039.jpg 1 10 8 39 39
1740_0023_0028_0056_0056.jpg 1 23 28 56 56
1741_0012_0005_0050_0050.jpg 1 12 5 50 50
1742_0029_0006_0043_0043.jpg 1 29 6 43 43
1743_0018_0038_0050_0050.jpg 1 18 38 50 50
1744_0038_0023_0045_0045.jpg 1 38 23 45 45
1745_0024_0017_0036_0036.jpg 1 24 17 36 36
1746_0015_0015_0029_0029.jpg 1 15 15 29 29
1747_0017_0024_0053_0053.jpg 1 17 24 53 53
1748_0009_0009_0065_0065.jpg 1 9 9 65 65
1749_0032_0010_0051_0051.jpg 1 32 10 51 51
1750_0015_0051_0036_0036.jpg 1 15 51 36 36
1751_0020_0017_0055_0055.jpg 1 20 17 55 55
1752_0013_0006_0067_0067.jpg 1 13 6 67 67
1753_0035_0030_0050_0050.jpg 1 35 30 50 50
1754_0015_0048_0037_0037.jpg 1 15 48 37 37
1755_0053_0035_0032_0032.jpg 1 53 35 32 32
1756_0038_0018_0035_0035.jpg 1 38 18 35 35
1757_0031_0032_0045_0045.jpg 1 31 32 45 45
1758_0033_0026_0044_0044.jpg 1 33 26 44 44
1759_0031_0016_0054_0054.jpg 1 31 16 54 54
1760_0024_0029_0049_0049.jpg 1 24 29 49 49
1761_0025_0025_0032_0032.jpg 1 25 25 32 32
1762_0026_0021_0054_0054.jpg 1 26 21 54 54
1763_0004_0013_0063_0063.jpg 1 4 13 63 63
1764_0008_0038_0047_0047.jpg 1 8 38 47 47
1765_0027_0006_0066_0066.jpg 1 27 6 66 66
1766_0040_0043_0038_0038.jpg 1 40 43 38 38
1767_0004_0011_0058_0058.jpg 1 4 11 58 58
1768_0035_0015_0037_0037.jpg 1 35 15 37 37
1769_0010_0004_0059_0059.jpg 1 10 4 59 59
1770_0014_0045_0027_0027.jpg 1 14 45 27 27
1771_0028_0016_0045_0045.jpg 1 28 16 45 45
1772_0032_0040_0034_0034.jpg 1 32 40 34 34
1773_0043_0025_0030_0030.jpg 1 43 25 30 30
1774_0039_0055_0031_0031.jpg 1 39 55 31 31
1775_0005_0025_0057_0057.jpg 1 5 25 57 57
1776_0012_0008_0068_0068.jpg 1 12 8 68 68
1777_0029_0043_0040_0040.jpg 1 29 43 40 40
1778_0016_0057_0028_0028.jpg 1 16 57 28 28
1779_0017_0014_0069_0069.jpg 1 17 14 69 69
1780_0009_0019_0043_0043.jpg 1 9 19 43 43
1781_0024_0019_0051_0051.jpg 1 24 19 51 51
1782_0031_0049_0025_0025.jpg 1 31 49 25 25
1783_0027_0020_0059_0059.jpg 1 27 20 59 59
1784_0023_0010_0062_0062.jpg 1 23 10 62 62
1785_0033_0005_0045_0045.jpg 1 33 5 45 45
1786_0025_0015_0052_0052.jpg 1 25 15 52 52
1787_0020_0010_0056_0056.jpg 1 20 10 56 56
1788_0022_0052_0025_0025.jpg 1 22 52 25 25
1789_0018_0023_0063_0063.jpg 1 18 23 63 63
1790_0015_0016_0046_0046.jpg 1 15 16 46 46
1791_0022_0038_0029_0029.jpg 1 22 38 29 29
1792_0018_0049_0027_0027.jpg 1 18 49 27 27
1793_0045_0049_0027_0027.jpg 1 45 49 27 27
1794_0038_0011_0048_0048.jpg 1 38 11 48 48
1795_0016_0018_0043_0043.jpg 1 16 18 43 43
1796_0047_0047_0032_0032.jpg 1 47 47 32 32
1797_0018_0030_0052_0052.jpg 1 18 30 52 52
1798_0036_0047_0032_0032.jpg 1 36 47 32 32
1799_0025_0028_0057_0057.jpg 1 25 28 57 57
1800_0008_0008_0035_0035.jpg 1 8 8 35 35
1801_0018_0011_0065_0065.jpg 1 18 11 65 65
1802_0036_0010_0030_0030.jpg 1 36 10 30 30
1803_0027_0019_0049_0049.jpg 1 27 19 49 49
1804_0037_0026_0048_0048.jpg 1 37 26 48 48
1805_0018_0019_0052_0052.jpg 1 18 19 52 52
1806_0034_0039_0048_0048.jpg 1 34 39 48 48
1807_0010_0034_0039_0039.jpg 1 10 34 39 39
1808_0025_0046_0041_0041.jpg 1 25 46 41 41
1809_0025_0008_0055_0055.jpg 1 25 8 55 55
1810_0024_0018_0065_0065.jpg 1 24 18 65 65
1811_0010_0030_0034_0034.jpg 1 10 30 34 34
1812_0031_0052_0027_0027.jpg 1 31 52 27 27
1813_0030_0028_0033_0033.jpg 1 30 28 33 33
1814_0037_0017_0033_0033.jpg 1 37 17 33 33
1815_0013_0037_0048_0048.jpg 1 13 37 48 48
1816_0043_0027_0024_0024.jpg 1 43 27 24 24
1817_0054_0012_0030_0030.jpg 1 54 12 30 30
1818_0034_0031_0039_0039.jpg 1 34 31 39 39
1819_0011_0022_0040_0040.jpg 1 11 22 40 40
1820_0010_0041_0045_0045.jpg 1 10 41 45 45
1821_0021_0021_0052_0052.jpg 1 21 21 52 52
1822_0009_0014_0060_0060.jpg 1 9 14 60 60
1823_0032_0011_0024_0024.jpg 1 32 11 24 24
1824_0023_0006_0062_0062.jpg 1 23 6 62 62
1825_0047_0044_0030_0030.jpg 1 47 44 30 30
1826_0030_0008_0035_0035.jpg 1 30 8 35 35
1827_0031_0014_0029_0029.jpg 1 31 14 29 29
1828_0030_0005_0047_0047.jpg 1 30 5 47 47
1829_0028_0024_0056_0056.jpg 1 28 24 56 56
1830_0006_0023_0059_0059.jpg 1 6 23 59 59
